Epoch: [28]  [120/184]  eta: 0:00:22  lr: 0.005000  loss: 0.2139 (0.2140)  loss_box_reg: 0.1353 (0.1345)  loss_classifier:0.0528 (0.0546)  loss_objectness: 0.0037 (0.0045)  loss_rpn_box_reg: 0.0185 (0.0204)  time: 0.3501  data: 0.0075  max mem:10274
Epoch: [28]  [140/184]  eta: 0:00:15  lr: 0.005000  loss: 0.2278 (0.2161)  loss_box_reg: 0.1345 (0.1352)  loss_classifier:0.0564 (0.0550)  loss_objectness: 0.0038 (0.0045)  loss_rpn_box_reg: 0.0207 (0.0214)  time: 0.3568  data: 0.0077  max mem:10274
Epoch: [28]  [160/184]  eta: 0:00:08  lr: 0.005000  loss: 0.2241 (0.2180)  loss_box_reg: 0.1462 (0.1368)  loss_classifier:0.0582 (0.0556)  loss_objectness: 0.0044 (0.0044)  loss_rpn_box_reg: 0.0126 (0.0212)  time: 0.3460  data: 0.0073  max mem:10274
Epoch: [28]  [180/184]  eta: 0:00:01  lr: 0.005000  loss: 0.2248 (0.2193)  loss_box_reg: 0.1543 (0.1385)  loss_classifier:0.0592 (0.0562)  loss_objectness: 0.0027 (0.0044)  loss_rpn_box_reg: 0.0111 (0.0202)  time: 0.3470  data: 0.0073  max mem:10274
Epoch: [28]  [183/184]  eta: 0:00:00  lr: 0.005000  loss: 0.2318 (0.2195)  loss_box_reg: 0.1555 (0.1386)  loss_classifier:0.0618 (0.0563)  loss_objectness: 0.0027 (0.0044)  loss_rpn_box_reg: 0.0111 (0.0202)  time: 0.3515  data: 0.0073  max mem:10274
Epoch: [28] Total time: 0:01:04 (0.3508 s / it)
Test:  [  0/211]  eta: 0:04:28  model_time: 0.0496 (0.0496)  evaluator_time: 0.0043 (0.0043)  time: 1.2724  data: 1.2160  max mem: 10274
Test:  [100/211]  eta: 0:00:05  model_time: 0.0306 (0.0316)  evaluator_time: 0.0017 (0.0019)  time: 0.0355  data: 0.0020  max mem: 10274
Test:  [200/211]  eta: 0:00:00  model_time: 0.0321 (0.0316)  evaluator_time: 0.0019 (0.0019)  time: 0.0379  data: 0.0026  max mem: 10274
Test:  [210/211]  eta: 0:00:00  model_time: 0.0307 (0.0316)  evaluator_time: 0.0018 (0.0019)  time: 0.0362  data: 0.0024  max mem: 10274
Test: Total time: 0:00:08 (0.0425 s / it)
Averaged stats: model_time: 0.0307 (0.0360)  evaluator_time: 0.0018 (0.0019)
Accumulating evaluation results...
DONE (t=0.10s).
IoU metric: bbox
 Average Precision  (AP) @[ IoU=0.50:0.95 | area=   all | maxDets=100 ] = 0.516
 Average Precision  (AP) @[ IoU=0.50      | area=   all | maxDets=100 ] = 0.909
 Average Precision  (AP) @[ IoU=0.75      | area=   all | maxDets=100 ] = 0.537
 Average Precision  (AP) @[ IoU=0.50:0.95 | area= small | maxDets=100 ] = 0.473
 Average Precision  (AP) @[ IoU=0.50:0.95 | area=medium | maxDets=100 ] = 0.655
 Average Precision  (AP) @[ IoU=0.50:0.95 | area= large | maxDets=100 ] = 0.628
 Average Recall     (AR) @[ IoU=0.50:0.95 | area=   all | maxDets=  1 ] = 0.426
 Average Recall     (AR) @[ IoU=0.50:0.95 | area=   all | maxDets= 10 ] = 0.588
 Average Recall     (AR) @[ IoU=0.50:0.95 | area=   all | maxDets=100 ] = 0.588
 Average Recall     (AR) @[ IoU=0.50:0.95 | area= small | maxDets=100 ] = 0.551
 Average Recall     (AR) @[ IoU=0.50:0.95 | area=medium | maxDets=100 ] = 0.709
 Average Recall     (AR) @[ IoU=0.50:0.95 | area= large | maxDets=100 ] = 0.642
Epoch: [29]  [  0/184]  eta: 0:03:07  lr: 0.005000  loss: 0.2082 (0.2082)  loss_box_reg: 0.1258 (0.1258)  loss_classifier:0.0501 (0.0501)  loss_objectness: 0.0042 (0.0042)  loss_rpn_box_reg: 0.0281 (0.0281)  time: 1.0196  data: 0.6656  max mem:10274
Epoch: [29]  [ 20/184]  eta: 0:01:02  lr: 0.005000  loss: 0.2113 (0.2133)  loss_box_reg: 0.1357 (0.1391)  loss_classifier:0.0530 (0.0547)  loss_objectness: 0.0026 (0.0034)  loss_rpn_box_reg: 0.0108 (0.0160)  time: 0.3476  data: 0.0073  max mem:10274
Epoch: [29]  [ 40/184]  eta: 0:00:52  lr: 0.005000  loss: 0.2265 (0.2195)  loss_box_reg: 0.1427 (0.1408)  loss_classifier:0.0580 (0.0571)  loss_objectness: 0.0038 (0.0039)  loss_rpn_box_reg: 0.0180 (0.0177)  time: 0.3457  data: 0.0078  max mem:10274
Epoch: [29]  [ 60/184]  eta: 0:00:44  lr: 0.005000  loss: 0.2263 (0.2190)  loss_box_reg: 0.1393 (0.1394)  loss_classifier:0.0560 (0.0573)  loss_objectness: 0.0037 (0.0040)  loss_rpn_box_reg: 0.0183 (0.0183)  time: 0.3505  data: 0.0074  max mem:10274
Epoch: [29]  [ 80/184]  eta: 0:00:37  lr: 0.005000  loss: 0.2231 (0.2192)  loss_box_reg: 0.1414 (0.1402)  loss_classifier:0.0553 (0.0569)  loss_objectness: 0.0032 (0.0039)  loss_rpn_box_reg: 0.0137 (0.0182)  time: 0.3486  data: 0.0069  max mem:10274
Epoch: [29]  [100/184]  eta: 0:00:29  lr: 0.005000  loss: 0.2142 (0.2192)  loss_box_reg: 0.1434 (0.1409)  loss_classifier:0.0539 (0.0566)  loss_objectness: 0.0034 (0.0039)  loss_rpn_box_reg: 0.0117 (0.0178)  time: 0.3504  data: 0.0082  max mem:10274
Epoch: [29]  [120/184]  eta: 0:00:22  lr: 0.005000  loss: 0.1966 (0.2167)  loss_box_reg: 0.1259 (0.1387)  loss_classifier:0.0523 (0.0561)  loss_objectness: 0.0037 (0.0039)  loss_rpn_box_reg: 0.0176 (0.0179)  time: 0.3484  data: 0.0070  max mem:10274
Epoch: [29]  [140/184]  eta: 0:00:15  lr: 0.005000  loss: 0.2164 (0.2169)  loss_box_reg: 0.1357 (0.1390)  loss_classifier:0.0599 (0.0565)  loss_objectness: 0.0036 (0.0040)  loss_rpn_box_reg: 0.0111 (0.0174)  time: 0.3458  data: 0.0074  max mem:10274
Epoch: [29]  [160/184]  eta: 0:00:08  lr: 0.005000  loss: 0.2148 (0.2172)  loss_box_reg: 0.1402 (0.1390)  loss_classifier:0.0554 (0.0565)  loss_objectness: 0.0046 (0.0041)  loss_rpn_box_reg: 0.0165 (0.0177)  time: 0.3563  data: 0.0078  max mem:10274
Epoch: [29]  [180/184]  eta: 0:00:01  lr: 0.005000  loss: 0.2013 (0.2163)  loss_box_reg: 0.1288 (0.1382)  loss_classifier:0.0559 (0.0565)  loss_objectness: 0.0042 (0.0041)  loss_rpn_box_reg: 0.0131 (0.0175)  time: 0.3443  data: 0.0074  max mem:10274
Epoch: [29]  [183/184]  eta: 0:00:00  lr: 0.005000  loss: 0.2013 (0.2166)  loss_box_reg: 0.1288 (0.1383)  loss_classifier:0.0570 (0.0565)  loss_objectness: 0.0039 (0.0041)  loss_rpn_box_reg: 0.0113 (0.0176)  time: 0.3547  data: 0.0074  max mem:10274
Epoch: [29] Total time: 0:01:05 (0.3536 s / it)
Test:  [  0/211]  eta: 0:01:41  model_time: 0.0586 (0.0586)  evaluator_time: 0.0048 (0.0048)  time: 0.4808  data: 0.4146  max mem: 10274
Test:  [100/211]  eta: 0:00:04  model_time: 0.0306 (0.0324)  evaluator_time: 0.0018 (0.0021)  time: 0.0361  data: 0.0024  max mem: 10274
Test:  [200/211]  eta: 0:00:00  model_time: 0.0312 (0.0320)  evaluator_time: 0.0020 (0.0020)  time: 0.0370  data: 0.0025  max mem: 10274
Test:  [210/211]  eta: 0:00:00  model_time: 0.0307 (0.0319)  evaluator_time: 0.0019 (0.0020)  time: 0.0363  data: 0.0024  max mem: 10274
Test: Total time: 0:00:08 (0.0394 s / it)
Averaged stats: model_time: 0.0307 (0.0353)  evaluator_time: 0.0019 (0.0020)
Accumulating evaluation results...
DONE (t=0.12s).
IoU metric: bbox
 Average Precision  (AP) @[ IoU=0.50:0.95 | area=   all | maxDets=100 ] = 0.521
 Average Precision  (AP) @[ IoU=0.50      | area=   all | maxDets=100 ] = 0.909
 Average Precision  (AP) @[ IoU=0.75      | area=   all | maxDets=100 ] = 0.551
 Average Precision  (AP) @[ IoU=0.50:0.95 | area= small | maxDets=100 ] = 0.475
 Average Precision  (AP) @[ IoU=0.50:0.95 | area=medium | maxDets=100 ] = 0.673
 Average Precision  (AP) @[ IoU=0.50:0.95 | area= large | maxDets=100 ] = 0.640
 Average Recall     (AR) @[ IoU=0.50:0.95 | area=   all | maxDets=  1 ] = 0.429
 Average Recall     (AR) @[ IoU=0.50:0.95 | area=   all | maxDets= 10 ] = 0.595
 Average Recall     (AR) @[ IoU=0.50:0.95 | area=   all | maxDets=100 ] = 0.597
 Average Recall     (AR) @[ IoU=0.50:0.95 | area= small | maxDets=100 ] = 0.557
 Average Recall     (AR) @[ IoU=0.50:0.95 | area=medium | maxDets=100 ] = 0.727
 Average Recall     (AR) @[ IoU=0.50:0.95 | area= large | maxDets=100 ] = 0.692
Epoch: [30]  [  0/184]  eta: 0:01:56  lr: 0.005000  loss: 0.2563 (0.2563)  loss_box_reg: 0.1588 (0.1588)  loss_classifier:0.0653 (0.0653)  loss_objectness: 0.0031 (0.0031)  loss_rpn_box_reg: 0.0291 (0.0291)  time: 0.6311  data: 0.2870  max mem:10274
Epoch: [30]  [ 20/184]  eta: 0:01:00  lr: 0.005000  loss: 0.2019 (0.2108)  loss_box_reg: 0.1275 (0.1331)  loss_classifier:0.0540 (0.0550)  loss_objectness: 0.0036 (0.0036)  loss_rpn_box_reg: 0.0157 (0.0191)  time: 0.3558  data: 0.0077  max mem:10274
Epoch: [30]  [ 40/184]  eta: 0:00:51  lr: 0.005000  loss: 0.2011 (0.2072)  loss_box_reg: 0.1266 (0.1332)  loss_classifier:0.0494 (0.0534)  loss_objectness: 0.0028 (0.0034)  loss_rpn_box_reg: 0.0123 (0.0172)  time: 0.3499  data: 0.0081  max mem:10274
Epoch: [30]  [ 60/184]  eta: 0:00:44  lr: 0.005000  loss: 0.2176 (0.2096)  loss_box_reg: 0.1371 (0.1353)  loss_classifier:0.0546 (0.0539)  loss_objectness: 0.0041 (0.0037)  loss_rpn_box_reg: 0.0132 (0.0167)  time: 0.3565  data: 0.0074  max mem:10274
Epoch: [30]  [ 80/184]  eta: 0:00:36  lr: 0.005000  loss: 0.2111 (0.2107)  loss_box_reg: 0.1355 (0.1367)  loss_classifier:0.0558 (0.0541)  loss_objectness: 0.0032 (0.0038)  loss_rpn_box_reg: 0.0122 (0.0160)  time: 0.3466  data: 0.0079  max mem:10274
Epoch: [30]  [100/184]  eta: 0:00:29  lr: 0.005000  loss: 0.2194 (0.2125)  loss_box_reg: 0.1415 (0.1380)  loss_classifier:0.0521 (0.0541)  loss_objectness: 0.0041 (0.0039)  loss_rpn_box_reg: 0.0124 (0.0165)  time: 0.3481  data: 0.0072  max mem:10274
Epoch: [30]  [120/184]  eta: 0:00:22  lr: 0.005000  loss: 0.1982 (0.2106)  loss_box_reg: 0.1306 (0.1369)  loss_classifier:0.0501 (0.0537)  loss_objectness: 0.0030 (0.0039)  loss_rpn_box_reg: 0.0116 (0.0162)  time: 0.3478  data: 0.0071  max mem:10274
Epoch: [30]  [140/184]  eta: 0:00:15  lr: 0.005000  loss: 0.2066 (0.2105)  loss_box_reg: 0.1358 (0.1366)  loss_classifier:0.0530 (0.0537)  loss_objectness: 0.0026 (0.0038)  loss_rpn_box_reg: 0.0152 (0.0163)  time: 0.3522  data: 0.0072  max mem:10274
Epoch: [30]  [160/184]  eta: 0:00:08  lr: 0.005000  loss: 0.2034 (0.2095)  loss_box_reg: 0.1273 (0.1355)  loss_classifier:0.0515 (0.0535)  loss_objectness: 0.0034 (0.0038)  loss_rpn_box_reg: 0.0163 (0.0167)  time: 0.3444  data: 0.0072  max mem:10274
Epoch: [30]  [180/184]  eta: 0:00:01  lr: 0.005000  loss: 0.1886 (0.2076)  loss_box_reg: 0.1238 (0.1343)  loss_classifier:0.0478 (0.0528)  loss_objectness: 0.0031 (0.0038)  loss_rpn_box_reg: 0.0116 (0.0167)  time: 0.3499  data: 0.0086  max mem:10274
Epoch: [30]  [183/184]  eta: 0:00:00  lr: 0.005000  loss: 0.1959 (0.2078)  loss_box_reg: 0.1233 (0.1342)  loss_classifier:0.0466 (0.0528)  loss_objectness: 0.0031 (0.0038)  loss_rpn_box_reg: 0.0178 (0.0170)  time: 0.3582  data: 0.0087  max mem:10274
Epoch: [30] Total time: 0:01:04 (0.3528 s / it)
Test:  [  0/211]  eta: 0:02:24  model_time: 0.0512 (0.0512)  evaluator_time: 0.0041 (0.0041)  time: 0.6834  data: 0.6254  max mem: 10274
Test:  [100/211]  eta: 0:00:04  model_time: 0.0307 (0.0319)  evaluator_time: 0.0017 (0.0019)  time: 0.0363  data: 0.0025  max mem: 10274
Test:  [200/211]  eta: 0:00:00  model_time: 0.0317 (0.0317)  evaluator_time: 0.0017 (0.0018)  time: 0.0369  data: 0.0025  max mem: 10274
Test:  [210/211]  eta: 0:00:00  model_time: 0.0307 (0.0317)  evaluator_time: 0.0017 (0.0018)  time: 0.0359  data: 0.0025  max mem: 10274
Test: Total time: 0:00:08 (0.0399 s / it)
Averaged stats: model_time: 0.0307 (0.0315)  evaluator_time: 0.0017 (0.0018)
Accumulating evaluation results...
DONE (t=0.10s).
IoU metric: bbox
 Average Precision  (AP) @[ IoU=0.50:0.95 | area=   all | maxDets=100 ] = 0.533
 Average Precision  (AP) @[ IoU=0.50      | area=   all | maxDets=100 ] = 0.909
 Average Precision  (AP) @[ IoU=0.75      | area=   all | maxDets=100 ] = 0.571
 Average Precision  (AP) @[ IoU=0.50:0.95 | area= small | maxDets=100 ] = 0.491
 Average Precision  (AP) @[ IoU=0.50:0.95 | area=medium | maxDets=100 ] = 0.680
 Average Precision  (AP) @[ IoU=0.50:0.95 | area= large | maxDets=100 ] = 0.647
 Average Recall     (AR) @[ IoU=0.50:0.95 | area=   all | maxDets=  1 ] = 0.440
 Average Recall     (AR) @[ IoU=0.50:0.95 | area=   all | maxDets= 10 ] = 0.607
 Average Recall     (AR) @[ IoU=0.50:0.95 | area=   all | maxDets=100 ] = 0.607
 Average Recall     (AR) @[ IoU=0.50:0.95 | area= small | maxDets=100 ] = 0.568
 Average Recall     (AR) @[ IoU=0.50:0.95 | area=medium | maxDets=100 ] = 0.735
 Average Recall     (AR) @[ IoU=0.50:0.95 | area= large | maxDets=100 ] = 0.667
Epoch: [31]  [  0/184]  eta: 0:02:43  lr: 0.005000  loss: 0.1888 (0.1888)  loss_box_reg: 0.1149 (0.1149)  loss_classifier:0.0467 (0.0467)  loss_objectness: 0.0083 (0.0083)  loss_rpn_box_reg: 0.0188 (0.0188)  time: 0.8906  data: 0.5480  max mem:10274
Epoch: [31]  [ 20/184]  eta: 0:01:02  lr: 0.005000  loss: 0.2102 (0.2139)  loss_box_reg: 0.1372 (0.1356)  loss_classifier:0.0508 (0.0529)  loss_objectness: 0.0032 (0.0039)  loss_rpn_box_reg: 0.0127 (0.0216)  time: 0.3566  data: 0.0077  max mem:10274
Epoch: [31]  [ 40/184]  eta: 0:00:52  lr: 0.005000  loss: 0.2009 (0.2104)  loss_box_reg: 0.1334 (0.1341)  loss_classifier:0.0538 (0.0536)  loss_objectness: 0.0031 (0.0037)  loss_rpn_box_reg: 0.0119 (0.0190)  time: 0.3497  data: 0.0076  max mem:10274
Epoch: [31]  [ 60/184]  eta: 0:00:45  lr: 0.005000  loss: 0.2046 (0.2093)  loss_box_reg: 0.1302 (0.1326)  loss_classifier:0.0541 (0.0539)  loss_objectness: 0.0035 (0.0039)  loss_rpn_box_reg: 0.0144 (0.0189)  time: 0.3569  data: 0.0091  max mem:10274
Epoch: [31]  [ 80/184]  eta: 0:00:37  lr: 0.005000  loss: 0.2168 (0.2124)  loss_box_reg: 0.1345 (0.1340)  loss_classifier:0.0569 (0.0548)  loss_objectness: 0.0037 (0.0039)  loss_rpn_box_reg: 0.0226 (0.0197)  time: 0.3527  data: 0.0085  max mem:10274
Epoch: [31]  [100/184]  eta: 0:00:30  lr: 0.005000  loss: 0.2010 (0.2098)  loss_box_reg: 0.1280 (0.1330)  loss_classifier:0.0526 (0.0545)  loss_objectness: 0.0034 (0.0039)  loss_rpn_box_reg: 0.0115 (0.0184)  time: 0.3547  data: 0.0081  max mem:10274
Epoch: [31]  [120/184]  eta: 0:00:22  lr: 0.005000  loss: 0.1937 (0.2090)  loss_box_reg: 0.1302 (0.1329)  loss_classifier:0.0537 (0.0544)  loss_objectness: 0.0031 (0.0038)  loss_rpn_box_reg: 0.0120 (0.0179)  time: 0.3566  data: 0.0079  max mem:10274
Epoch: [31]  [140/184]  eta: 0:00:15  lr: 0.005000  loss: 0.2037 (0.2084)  loss_box_reg: 0.1270 (0.1327)  loss_classifier:0.0537 (0.0543)  loss_objectness: 0.0030 (0.0038)  loss_rpn_box_reg: 0.0131 (0.0174)  time: 0.3479  data: 0.0079  max mem:10274
Epoch: [31]  [160/184]  eta: 0:00:08  lr: 0.005000  loss: 0.2008 (0.2083)  loss_box_reg: 0.1338 (0.1334)  loss_classifier:0.0538 (0.0543)  loss_objectness: 0.0040 (0.0039)  loss_rpn_box_reg: 0.0082 (0.0167)  time: 0.3537  data: 0.0077  max mem:10274
Epoch: [31]  [180/184]  eta: 0:00:01  lr: 0.005000  loss: 0.2150 (0.2094)  loss_box_reg: 0.1451 (0.1346)  loss_classifier:0.0575 (0.0545)  loss_objectness: 0.0022 (0.0038)  loss_rpn_box_reg: 0.0134 (0.0165)  time: 0.3540  data: 0.0075  max mem:10274
Epoch: [31]  [183/184]  eta: 0:00:00  lr: 0.005000  loss: 0.2150 (0.2095)  loss_box_reg: 0.1439 (0.1346)  loss_classifier:0.0562 (0.0545)  loss_objectness: 0.0026 (0.0039)  loss_rpn_box_reg: 0.0134 (0.0165)  time: 0.3576  data: 0.0075  max mem:10274
Epoch: [31] Total time: 0:01:05 (0.3575 s / it)
Test:  [  0/211]  eta: 0:03:32  model_time: 0.0595 (0.0595)  evaluator_time: 0.0046 (0.0046)  time: 1.0060  data: 0.9387  max mem: 10274
Test:  [100/211]  eta: 0:00:05  model_time: 0.0309 (0.0331)  evaluator_time: 0.0017 (0.0019)  time: 0.0368  data: 0.0025  max mem: 10274
Test:  [200/211]  eta: 0:00:00  model_time: 0.0313 (0.0324)  evaluator_time: 0.0019 (0.0019)  time: 0.0370  data: 0.0025  max mem: 10274
Test:  [210/211]  eta: 0:00:00  model_time: 0.0311 (0.0324)  evaluator_time: 0.0019 (0.0019)  time: 0.0545  data: 0.0204  max mem: 10274
Test: Total time: 0:00:09 (0.0455 s / it)
Averaged stats: model_time: 0.0311 (0.0333)  evaluator_time: 0.0019 (0.0019)
Accumulating evaluation results...
DONE (t=0.10s).
IoU metric: bbox
 Average Precision  (AP) @[ IoU=0.50:0.95 | area=   all | maxDets=100 ] = 0.520
 Average Precision  (AP) @[ IoU=0.50      | area=   all | maxDets=100 ] = 0.909
 Average Precision  (AP) @[ IoU=0.75      | area=   all | maxDets=100 ] = 0.553
 Average Precision  (AP) @[ IoU=0.50:0.95 | area= small | maxDets=100 ] = 0.477
 Average Precision  (AP) @[ IoU=0.50:0.95 | area=medium | maxDets=100 ] = 0.668
 Average Precision  (AP) @[ IoU=0.50:0.95 | area= large | maxDets=100 ] = 0.663
 Average Recall     (AR) @[ IoU=0.50:0.95 | area=   all | maxDets=  1 ] = 0.434
 Average Recall     (AR) @[ IoU=0.50:0.95 | area=   all | maxDets= 10 ] = 0.590
 Average Recall     (AR) @[ IoU=0.50:0.95 | area=   all | maxDets=100 ] = 0.590
 Average Recall     (AR) @[ IoU=0.50:0.95 | area= small | maxDets=100 ] = 0.551
 Average Recall     (AR) @[ IoU=0.50:0.95 | area=medium | maxDets=100 ] = 0.718
 Average Recall     (AR) @[ IoU=0.50:0.95 | area= large | maxDets=100 ] = 0.700
Epoch: [32]  [  0/184]  eta: 0:02:38  lr: 0.005000  loss: 0.2353 (0.2353)  loss_box_reg: 0.1332 (0.1332)  loss_classifier:0.0670 (0.0670)  loss_objectness: 0.0048 (0.0048)  loss_rpn_box_reg: 0.0303 (0.0303)  time: 0.8598  data: 0.5198  max mem:10274
Epoch: [32]  [ 20/184]  eta: 0:01:01  lr: 0.005000  loss: 0.2004 (0.1993)  loss_box_reg: 0.1179 (0.1234)  loss_classifier:0.0479 (0.0521)  loss_objectness: 0.0038 (0.0040)  loss_rpn_box_reg: 0.0116 (0.0198)  time: 0.3477  data: 0.0074  max mem:10274
Epoch: [32]  [ 40/184]  eta: 0:00:52  lr: 0.005000  loss: 0.2000 (0.2029)  loss_box_reg: 0.1294 (0.1264)  loss_classifier:0.0510 (0.0522)  loss_objectness: 0.0028 (0.0038)  loss_rpn_box_reg: 0.0156 (0.0204)  time: 0.3549  data: 0.0072  max mem:10274
Epoch: [32]  [ 60/184]  eta: 0:00:44  lr: 0.005000  loss: 0.2057 (0.2025)  loss_box_reg: 0.1286 (0.1273)  loss_classifier:0.0514 (0.0519)  loss_objectness: 0.0031 (0.0038)  loss_rpn_box_reg: 0.0133 (0.0195)  time: 0.3440  data: 0.0069  max mem:10274
Epoch: [32]  [ 80/184]  eta: 0:00:37  lr: 0.005000  loss: 0.1923 (0.2016)  loss_box_reg: 0.1213 (0.1274)  loss_classifier:0.0501 (0.0518)  loss_objectness: 0.0028 (0.0036)  loss_rpn_box_reg: 0.0147 (0.0188)  time: 0.3656  data: 0.0179  max mem:10274
Epoch: [32]  [100/184]  eta: 0:00:30  lr: 0.005000  loss: 0.1870 (0.1995)  loss_box_reg: 0.1180 (0.1268)  loss_classifier:0.0483 (0.0513)  loss_objectness: 0.0026 (0.0035)  loss_rpn_box_reg: 0.0106 (0.0179)  time: 0.3492  data: 0.0079  max mem:10274
Epoch: [32]  [120/184]  eta: 0:00:22  lr: 0.005000  loss: 0.1886 (0.1978)  loss_box_reg: 0.1239 (0.1261)  loss_classifier:0.0473 (0.0509)  loss_objectness: 0.0044 (0.0036)  loss_rpn_box_reg: 0.0112 (0.0172)  time: 0.3485  data: 0.0072  max mem:10274
Epoch: [32]  [140/184]  eta: 0:00:15  lr: 0.005000  loss: 0.2007 (0.1988)  loss_box_reg: 0.1312 (0.1270)  loss_classifier:0.0514 (0.0510)  loss_objectness: 0.0030 (0.0036)  loss_rpn_box_reg: 0.0157 (0.0172)  time: 0.3490  data: 0.0077  max mem:10274
Epoch: [32]  [160/184]  eta: 0:00:08  lr: 0.005000  loss: 0.2007 (0.1996)  loss_box_reg: 0.1363 (0.1277)  loss_classifier:0.0527 (0.0514)  loss_objectness: 0.0037 (0.0036)  loss_rpn_box_reg: 0.0102 (0.0168)  time: 0.3503  data: 0.0078  max mem:10274
Epoch: [32]  [180/184]  eta: 0:00:01  lr: 0.005000  loss: 0.1869 (0.1987)  loss_box_reg: 0.1248 (0.1273)  loss_classifier:0.0496 (0.0513)  loss_objectness: 0.0031 (0.0036)  loss_rpn_box_reg: 0.0128 (0.0165)  time: 0.3434  data: 0.0077  max mem:10274
Epoch: [32]  [183/184]  eta: 0:00:00  lr: 0.005000  loss: 0.1895 (0.1990)  loss_box_reg: 0.1254 (0.1274)  loss_classifier:0.0502 (0.0513)  loss_objectness: 0.0031 (0.0036)  loss_rpn_box_reg: 0.0119 (0.0167)  time: 0.3446  data: 0.0074  max mem:10274
Epoch: [32] Total time: 0:01:05 (0.3534 s / it)
Test:  [  0/211]  eta: 0:03:00  model_time: 0.0534 (0.0534)  evaluator_time: 0.0045 (0.0045)  time: 0.8536  data: 0.7930  max mem: 10274
Test:  [100/211]  eta: 0:00:04  model_time: 0.0307 (0.0320)  evaluator_time: 0.0017 (0.0018)  time: 0.0362  data: 0.0024  max mem: 10274
Test:  [200/211]  eta: 0:00:00  model_time: 0.0309 (0.0319)  evaluator_time: 0.0017 (0.0018)  time: 0.0366  data: 0.0025  max mem: 10274
Test:  [210/211]  eta: 0:00:00  model_time: 0.0307 (0.0318)  evaluator_time: 0.0017 (0.0018)  time: 0.0361  data: 0.0025  max mem: 10274
Test: Total time: 0:00:08 (0.0408 s / it)
Averaged stats: model_time: 0.0307 (0.0334)  evaluator_time: 0.0017 (0.0018)
Accumulating evaluation results...
DONE (t=0.10s).
IoU metric: bbox
 Average Precision  (AP) @[ IoU=0.50:0.95 | area=   all | maxDets=100 ] = 0.525
 Average Precision  (AP) @[ IoU=0.50      | area=   all | maxDets=100 ] = 0.909
 Average Precision  (AP) @[ IoU=0.75      | area=   all | maxDets=100 ] = 0.568
 Average Precision  (AP) @[ IoU=0.50:0.95 | area= small | maxDets=100 ] = 0.482
 Average Precision  (AP) @[ IoU=0.50:0.95 | area=medium | maxDets=100 ] = 0.670
 Average Precision  (AP) @[ IoU=0.50:0.95 | area= large | maxDets=100 ] = 0.620
 Average Recall     (AR) @[ IoU=0.50:0.95 | area=   all | maxDets=  1 ] = 0.433
 Average Recall     (AR) @[ IoU=0.50:0.95 | area=   all | maxDets= 10 ] = 0.595
 Average Recall     (AR) @[ IoU=0.50:0.95 | area=   all | maxDets=100 ] = 0.595
 Average Recall     (AR) @[ IoU=0.50:0.95 | area= small | maxDets=100 ] = 0.555
 Average Recall     (AR) @[ IoU=0.50:0.95 | area=medium | maxDets=100 ] = 0.729
 Average Recall     (AR) @[ IoU=0.50:0.95 | area= large | maxDets=100 ] = 0.633
Epoch: [33]  [  0/184]  eta: 0:04:47  lr: 0.005000  loss: 0.2002 (0.2002)  loss_box_reg: 0.1359 (0.1359)  loss_classifier:0.0542 (0.0542)  loss_objectness: 0.0020 (0.0020)  loss_rpn_box_reg: 0.0082 (0.0082)  time: 1.5634  data: 0.9824  max mem:10274
Epoch: [33]  [ 20/184]  eta: 0:01:06  lr: 0.005000  loss: 0.1959 (0.1975)  loss_box_reg: 0.1248 (0.1282)  loss_classifier:0.0509 (0.0524)  loss_objectness: 0.0025 (0.0041)  loss_rpn_box_reg: 0.0123 (0.0129)  time: 0.3483  data: 0.0080  max mem:10274
Epoch: [33]  [ 40/184]  eta: 0:00:54  lr: 0.005000  loss: 0.1843 (0.1920)  loss_box_reg: 0.1231 (0.1259)  loss_classifier:0.0471 (0.0504)  loss_objectness: 0.0024 (0.0034)  loss_rpn_box_reg: 0.0106 (0.0123)  time: 0.3507  data: 0.0073  max mem:10274
Epoch: [33]  [ 60/184]  eta: 0:00:45  lr: 0.005000  loss: 0.1918 (0.1921)  loss_box_reg: 0.1252 (0.1248)  loss_classifier:0.0479 (0.0501)  loss_objectness: 0.0022 (0.0033)  loss_rpn_box_reg: 0.0147 (0.0140)  time: 0.3485  data: 0.0078  max mem:10274
Epoch: [33]  [ 80/184]  eta: 0:00:37  lr: 0.005000  loss: 0.1931 (0.1923)  loss_box_reg: 0.1290 (0.1251)  loss_classifier:0.0465 (0.0496)  loss_objectness: 0.0028 (0.0032)  loss_rpn_box_reg: 0.0129 (0.0144)  time: 0.3493  data: 0.0071  max mem:10274
Epoch: [33]  [100/184]  eta: 0:00:30  lr: 0.005000  loss: 0.2113 (0.1956)  loss_box_reg: 0.1328 (0.1268)  loss_classifier:0.0502 (0.0500)  loss_objectness: 0.0044 (0.0035)  loss_rpn_box_reg: 0.0175 (0.0153)  time: 0.3475  data: 0.0067  max mem:10274
Epoch: [33]  [120/184]  eta: 0:00:22  lr: 0.005000  loss: 0.1994 (0.1975)  loss_box_reg: 0.1309 (0.1276)  loss_classifier:0.0472 (0.0501)  loss_objectness: 0.0037 (0.0036)  loss_rpn_box_reg: 0.0183 (0.0163)  time: 0.3487  data: 0.0071  max mem:10274
Epoch: [33]  [140/184]  eta: 0:00:15  lr: 0.005000  loss: 0.2125 (0.1993)  loss_box_reg: 0.1356 (0.1282)  loss_classifier:0.0507 (0.0504)  loss_objectness: 0.0034 (0.0036)  loss_rpn_box_reg: 0.0190 (0.0171)  time: 0.3427  data: 0.0080  max mem:10274
Epoch: [33]  [160/184]  eta: 0:00:08  lr: 0.005000  loss: 0.2029 (0.2001)  loss_box_reg: 0.1302 (0.1290)  loss_classifier:0.0520 (0.0508)  loss_objectness: 0.0025 (0.0035)  loss_rpn_box_reg: 0.0119 (0.0167)  time: 0.3507  data: 0.0076  max mem:10274
Epoch: [33]  [180/184]  eta: 0:00:01  lr: 0.005000  loss: 0.2008 (0.1996)  loss_box_reg: 0.1211 (0.1285)  loss_classifier:0.0547 (0.0510)  loss_objectness: 0.0031 (0.0035)  loss_rpn_box_reg: 0.0159 (0.0166)  time: 0.3450  data: 0.0071  max mem:10274
Epoch: [33]  [183/184]  eta: 0:00:00  lr: 0.005000  loss: 0.2008 (0.1993)  loss_box_reg: 0.1211 (0.1282)  loss_classifier:0.0518 (0.0509)  loss_objectness: 0.0031 (0.0036)  loss_rpn_box_reg: 0.0159 (0.0166)  time: 0.3578  data: 0.0072  max mem:10274
Epoch: [33] Total time: 0:01:05 (0.3562 s / it)
Test:  [  0/211]  eta: 0:03:13  model_time: 0.0494 (0.0494)  evaluator_time: 0.0040 (0.0040)  time: 0.9191  data: 0.8634  max mem: 10274
Test:  [100/211]  eta: 0:00:04  model_time: 0.0306 (0.0315)  evaluator_time: 0.0016 (0.0017)  time: 0.0355  data: 0.0021  max mem: 10274
Test:  [200/211]  eta: 0:00:00  model_time: 0.0309 (0.0314)  evaluator_time: 0.0016 (0.0017)  time: 0.0363  data: 0.0024  max mem: 10274
Test:  [210/211]  eta: 0:00:00  model_time: 0.0307 (0.0314)  evaluator_time: 0.0017 (0.0017)  time: 0.0358  data: 0.0024  max mem: 10274
Test: Total time: 0:00:08 (0.0405 s / it)
Averaged stats: model_time: 0.0307 (0.0378)  evaluator_time: 0.0017 (0.0017)
Accumulating evaluation results...
DONE (t=0.10s).
IoU metric: bbox
 Average Precision  (AP) @[ IoU=0.50:0.95 | area=   all | maxDets=100 ] = 0.534
 Average Precision  (AP) @[ IoU=0.50      | area=   all | maxDets=100 ] = 0.904
 Average Precision  (AP) @[ IoU=0.75      | area=   all | maxDets=100 ] = 0.582
 Average Precision  (AP) @[ IoU=0.50:0.95 | area= small | maxDets=100 ] = 0.490
 Average Precision  (AP) @[ IoU=0.50:0.95 | area=medium | maxDets=100 ] = 0.682
 Average Precision  (AP) @[ IoU=0.50:0.95 | area= large | maxDets=100 ] = 0.638
 Average Recall     (AR) @[ IoU=0.50:0.95 | area=   all | maxDets=  1 ] = 0.441
 Average Recall     (AR) @[ IoU=0.50:0.95 | area=   all | maxDets= 10 ] = 0.606
 Average Recall     (AR) @[ IoU=0.50:0.95 | area=   all | maxDets=100 ] = 0.606
 Average Recall     (AR) @[ IoU=0.50:0.95 | area= small | maxDets=100 ] = 0.566
 Average Recall     (AR) @[ IoU=0.50:0.95 | area=medium | maxDets=100 ] = 0.737
 Average Recall     (AR) @[ IoU=0.50:0.95 | area= large | maxDets=100 ] = 0.708
Epoch: [34]  [  0/184]  eta: 0:02:35  lr: 0.005000  loss: 0.1617 (0.1617)  loss_box_reg: 0.1055 (0.1055)  loss_classifier:0.0475 (0.0475)  loss_objectness: 0.0040 (0.0040)  loss_rpn_box_reg: 0.0047 (0.0047)  time: 0.8478  data: 0.5166  max mem:10274
Epoch: [34]  [ 20/184]  eta: 0:01:01  lr: 0.005000  loss: 0.1808 (0.1888)  loss_box_reg: 0.1199 (0.1230)  loss_classifier:0.0463 (0.0482)  loss_objectness: 0.0033 (0.0032)  loss_rpn_box_reg: 0.0100 (0.0144)  time: 0.3507  data: 0.0075  max mem:10274
Epoch: [34]  [ 40/184]  eta: 0:00:51  lr: 0.005000  loss: 0.2045 (0.1946)  loss_box_reg: 0.1359 (0.1276)  loss_classifier:0.0504 (0.0497)  loss_objectness: 0.0023 (0.0031)  loss_rpn_box_reg: 0.0129 (0.0141)  time: 0.3456  data: 0.0069  max mem:10274
Epoch: [34]  [ 60/184]  eta: 0:00:44  lr: 0.005000  loss: 0.1975 (0.1955)  loss_box_reg: 0.1291 (0.1282)  loss_classifier:0.0480 (0.0497)  loss_objectness: 0.0024 (0.0030)  loss_rpn_box_reg: 0.0112 (0.0146)  time: 0.3444  data: 0.0077  max mem:10274
Epoch: [34]  [ 80/184]  eta: 0:00:36  lr: 0.005000  loss: 0.1896 (0.1946)  loss_box_reg: 0.1159 (0.1258)  loss_classifier:0.0489 (0.0496)  loss_objectness: 0.0028 (0.0032)  loss_rpn_box_reg: 0.0184 (0.0160)  time: 0.3532  data: 0.0072  max mem:10274
Epoch: [34]  [100/184]  eta: 0:00:29  lr: 0.005000  loss: 0.1966 (0.1947)  loss_box_reg: 0.1206 (0.1253)  loss_classifier:0.0476 (0.0495)  loss_objectness: 0.0041 (0.0034)  loss_rpn_box_reg: 0.0132 (0.0165)  time: 0.3453  data: 0.0072  max mem:10274
Epoch: [34]  [120/184]  eta: 0:00:22  lr: 0.005000  loss: 0.1876 (0.1947)  loss_box_reg: 0.1147 (0.1247)  loss_classifier:0.0504 (0.0495)  loss_objectness: 0.0033 (0.0034)  loss_rpn_box_reg: 0.0140 (0.0170)  time: 0.3526  data: 0.0072  max mem:10274
Epoch: [34]  [140/184]  eta: 0:00:15  lr: 0.005000  loss: 0.1775 (0.1936)  loss_box_reg: 0.1187 (0.1239)  loss_classifier:0.0466 (0.0492)  loss_objectness: 0.0031 (0.0035)  loss_rpn_box_reg: 0.0122 (0.0171)  time: 0.3517  data: 0.0072  max mem:10274
Epoch: [34]  [160/184]  eta: 0:00:08  lr: 0.005000  loss: 0.1957 (0.1933)  loss_box_reg: 0.1264 (0.1241)  loss_classifier:0.0502 (0.0493)  loss_objectness: 0.0022 (0.0035)  loss_rpn_box_reg: 0.0100 (0.0165)  time: 0.3482  data: 0.0077  max mem:10274
Epoch: [34]  [180/184]  eta: 0:00:01  lr: 0.005000  loss: 0.1986 (0.1937)  loss_box_reg: 0.1261 (0.1247)  loss_classifier:0.0502 (0.0494)  loss_objectness: 0.0025 (0.0034)  loss_rpn_box_reg: 0.0115 (0.0162)  time: 0.3522  data: 0.0075  max mem:10274
Epoch: [34]  [183/184]  eta: 0:00:00  lr: 0.005000  loss: 0.1986 (0.1938)  loss_box_reg: 0.1237 (0.1247)  loss_classifier:0.0481 (0.0494)  loss_objectness: 0.0025 (0.0034)  loss_rpn_box_reg: 0.0115 (0.0163)  time: 0.3544  data: 0.0074  max mem:10274
Epoch: [34] Total time: 0:01:04 (0.3529 s / it)
Test:  [  0/211]  eta: 0:00:51  model_time: 0.0465 (0.0465)  evaluator_time: 0.0038 (0.0038)  time: 0.2438  data: 0.1913  max mem: 10274
Test:  [100/211]  eta: 0:00:04  model_time: 0.0307 (0.0318)  evaluator_time: 0.0016 (0.0018)  time: 0.0359  data: 0.0024  max mem: 10274
Test:  [200/211]  eta: 0:00:00  model_time: 0.0309 (0.0316)  evaluator_time: 0.0017 (0.0018)  time: 0.0365  data: 0.0025  max mem: 10274
Test:  [210/211]  eta: 0:00:00  model_time: 0.0306 (0.0316)  evaluator_time: 0.0017 (0.0018)  time: 0.0359  data: 0.0024  max mem: 10274
Test: Total time: 0:00:07 (0.0377 s / it)
Averaged stats: model_time: 0.0306 (0.0358)  evaluator_time: 0.0017 (0.0017)
Accumulating evaluation results...
DONE (t=0.10s).
IoU metric: bbox
 Average Precision  (AP) @[ IoU=0.50:0.95 | area=   all | maxDets=100 ] = 0.533
 Average Precision  (AP) @[ IoU=0.50      | area=   all | maxDets=100 ] = 0.907
 Average Precision  (AP) @[ IoU=0.75      | area=   all | maxDets=100 ] = 0.572
 Average Precision  (AP) @[ IoU=0.50:0.95 | area= small | maxDets=100 ] = 0.487
 Average Precision  (AP) @[ IoU=0.50:0.95 | area=medium | maxDets=100 ] = 0.682
 Average Precision  (AP) @[ IoU=0.50:0.95 | area= large | maxDets=100 ] = 0.643
 Average Recall     (AR) @[ IoU=0.50:0.95 | area=   all | maxDets=  1 ] = 0.440
 Average Recall     (AR) @[ IoU=0.50:0.95 | area=   all | maxDets= 10 ] = 0.603
 Average Recall     (AR) @[ IoU=0.50:0.95 | area=   all | maxDets=100 ] = 0.604
 Average Recall     (AR) @[ IoU=0.50:0.95 | area= small | maxDets=100 ] = 0.565
 Average Recall     (AR) @[ IoU=0.50:0.95 | area=medium | maxDets=100 ] = 0.734
 Average Recall     (AR) @[ IoU=0.50:0.95 | area= large | maxDets=100 ] = 0.675
Epoch: [35]  [  0/184]  eta: 0:01:42  lr: 0.005000  loss: 0.2002 (0.2002)  loss_box_reg: 0.1155 (0.1155)  loss_classifier:0.0469 (0.0469)  loss_objectness: 0.0031 (0.0031)  loss_rpn_box_reg: 0.0348 (0.0348)  time: 0.5594  data: 0.2189  max mem:10274
Epoch: [35]  [ 20/184]  eta: 0:00:59  lr: 0.005000  loss: 0.1892 (0.1892)  loss_box_reg: 0.1136 (0.1186)  loss_classifier:0.0502 (0.0492)  loss_objectness: 0.0029 (0.0032)  loss_rpn_box_reg: 0.0124 (0.0182)  time: 0.3525  data: 0.0081  max mem:10274
Epoch: [35]  [ 40/184]  eta: 0:00:51  lr: 0.005000  loss: 0.1737 (0.1874)  loss_box_reg: 0.1147 (0.1185)  loss_classifier:0.0458 (0.0481)  loss_objectness: 0.0028 (0.0031)  loss_rpn_box_reg: 0.0127 (0.0177)  time: 0.3479  data: 0.0071  max mem:10274
Epoch: [35]  [ 60/184]  eta: 0:00:43  lr: 0.005000  loss: 0.1959 (0.1879)  loss_box_reg: 0.1208 (0.1208)  loss_classifier:0.0475 (0.0478)  loss_objectness: 0.0020 (0.0031)  loss_rpn_box_reg: 0.0094 (0.0163)  time: 0.3427  data: 0.0072  max mem:10274
Epoch: [35]  [ 80/184]  eta: 0:00:36  lr: 0.005000  loss: 0.1947 (0.1885)  loss_box_reg: 0.1249 (0.1218)  loss_classifier:0.0444 (0.0475)  loss_objectness: 0.0032 (0.0031)  loss_rpn_box_reg: 0.0106 (0.0161)  time: 0.3545  data: 0.0072  max mem:10274
Epoch: [35]  [100/184]  eta: 0:00:29  lr: 0.005000  loss: 0.1942 (0.1891)  loss_box_reg: 0.1256 (0.1224)  loss_classifier:0.0455 (0.0473)  loss_objectness: 0.0018 (0.0029)  loss_rpn_box_reg: 0.0129 (0.0165)  time: 0.3503  data: 0.0067  max mem:10274
Epoch: [35]  [120/184]  eta: 0:00:22  lr: 0.005000  loss: 0.1860 (0.1899)  loss_box_reg: 0.1191 (0.1226)  loss_classifier:0.0450 (0.0473)  loss_objectness: 0.0030 (0.0030)  loss_rpn_box_reg: 0.0123 (0.0170)  time: 0.3512  data: 0.0072  max mem:10274
Epoch: [35]  [140/184]  eta: 0:00:15  lr: 0.005000  loss: 0.1830 (0.1893)  loss_box_reg: 0.1202 (0.1225)  loss_classifier:0.0456 (0.0473)  loss_objectness: 0.0019 (0.0029)  loss_rpn_box_reg: 0.0122 (0.0166)  time: 0.3460  data: 0.0072  max mem:10274
Epoch: [35]  [160/184]  eta: 0:00:08  lr: 0.005000  loss: 0.1774 (0.1886)  loss_box_reg: 0.1180 (0.1223)  loss_classifier:0.0455 (0.0472)  loss_objectness: 0.0033 (0.0030)  loss_rpn_box_reg: 0.0093 (0.0161)  time: 0.3509  data: 0.0077  max mem:10274
Epoch: [35]  [180/184]  eta: 0:00:01  lr: 0.005000  loss: 0.1898 (0.1892)  loss_box_reg: 0.1245 (0.1227)  loss_classifier:0.0481 (0.0474)  loss_objectness: 0.0020 (0.0030)  loss_rpn_box_reg: 0.0103 (0.0160)  time: 0.3511  data: 0.0072  max mem:10274
Epoch: [35]  [183/184]  eta: 0:00:00  lr: 0.005000  loss: 0.1838 (0.1892)  loss_box_reg: 0.1245 (0.1227)  loss_classifier:0.0474 (0.0474)  loss_objectness: 0.0020 (0.0030)  loss_rpn_box_reg: 0.0105 (0.0161)  time: 0.3593  data: 0.0070  max mem:10274
Epoch: [35] Total time: 0:01:04 (0.3521 s / it)
Test:  [  0/211]  eta: 0:01:39  model_time: 0.0461 (0.0461)  evaluator_time: 0.0034 (0.0034)  time: 0.4703  data: 0.4189  max mem: 10274
Test:  [100/211]  eta: 0:00:04  model_time: 0.0308 (0.0321)  evaluator_time: 0.0017 (0.0018)  time: 0.0369  data: 0.0026  max mem: 10274
Test:  [200/211]  eta: 0:00:00  model_time: 0.0312 (0.0319)  evaluator_time: 0.0018 (0.0018)  time: 0.0368  data: 0.0025  max mem: 10274
Test:  [210/211]  eta: 0:00:00  model_time: 0.0308 (0.0319)  evaluator_time: 0.0018 (0.0018)  time: 0.0365  data: 0.0025  max mem: 10274
Test: Total time: 0:00:08 (0.0394 s / it)
Averaged stats: model_time: 0.0308 (0.0424)  evaluator_time: 0.0018 (0.0018)
Accumulating evaluation results...
DONE (t=0.09s).
IoU metric: bbox
 Average Precision  (AP) @[ IoU=0.50:0.95 | area=   all | maxDets=100 ] = 0.541
 Average Precision  (AP) @[ IoU=0.50      | area=   all | maxDets=100 ] = 0.915
 Average Precision  (AP) @[ IoU=0.75      | area=   all | maxDets=100 ] = 0.599
 Average Precision  (AP) @[ IoU=0.50:0.95 | area= small | maxDets=100 ] = 0.497
 Average Precision  (AP) @[ IoU=0.50:0.95 | area=medium | maxDets=100 ] = 0.689
 Average Precision  (AP) @[ IoU=0.50:0.95 | area= large | maxDets=100 ] = 0.630
 Average Recall     (AR) @[ IoU=0.50:0.95 | area=   all | maxDets=  1 ] = 0.441
 Average Recall     (AR) @[ IoU=0.50:0.95 | area=   all | maxDets= 10 ] = 0.610
 Average Recall     (AR) @[ IoU=0.50:0.95 | area=   all | maxDets=100 ] = 0.610
 Average Recall     (AR) @[ IoU=0.50:0.95 | area= small | maxDets=100 ] = 0.569
 Average Recall     (AR) @[ IoU=0.50:0.95 | area=medium | maxDets=100 ] = 0.743
 Average Recall     (AR) @[ IoU=0.50:0.95 | area= large | maxDets=100 ] = 0.667
Epoch: [36]  [  0/184]  eta: 0:02:42  lr: 0.000500  loss: 0.2304 (0.2304)  loss_box_reg: 0.1334 (0.1334)  loss_classifier:0.0515 (0.0515)  loss_objectness: 0.0020 (0.0020)  loss_rpn_box_reg: 0.0435 (0.0435)  time: 0.8851  data: 0.3085  max mem:10274
Epoch: [36]  [ 20/184]  eta: 0:01:01  lr: 0.000500  loss: 0.1583 (0.1630)  loss_box_reg: 0.1027 (0.1053)  loss_classifier:0.0400 (0.0414)  loss_objectness: 0.0020 (0.0024)  loss_rpn_box_reg: 0.0106 (0.0140)  time: 0.3489  data: 0.0080  max mem:10274
Epoch: [36]  [ 40/184]  eta: 0:00:52  lr: 0.000500  loss: 0.1678 (0.1674)  loss_box_reg: 0.1080 (0.1086)  loss_classifier:0.0431 (0.0430)  loss_objectness: 0.0021 (0.0025)  loss_rpn_box_reg: 0.0104 (0.0134)  time: 0.3546  data: 0.0074  max mem:10274
Epoch: [36]  [ 60/184]  eta: 0:00:44  lr: 0.000500  loss: 0.1649 (0.1676)  loss_box_reg: 0.1085 (0.1090)  loss_classifier:0.0442 (0.0435)  loss_objectness: 0.0024 (0.0026)  loss_rpn_box_reg: 0.0094 (0.0125)  time: 0.3524  data: 0.0082  max mem:10274
Epoch: [36]  [ 80/184]  eta: 0:00:37  lr: 0.000500  loss: 0.1682 (0.1691)  loss_box_reg: 0.1106 (0.1104)  loss_classifier:0.0481 (0.0445)  loss_objectness: 0.0021 (0.0026)  loss_rpn_box_reg: 0.0082 (0.0116)  time: 0.3524  data: 0.0081  max mem:10274
Epoch: [36]  [100/184]  eta: 0:00:30  lr: 0.000500  loss: 0.1585 (0.1681)  loss_box_reg: 0.1026 (0.1099)  loss_classifier:0.0415 (0.0443)  loss_objectness: 0.0020 (0.0025)  loss_rpn_box_reg: 0.0074 (0.0114)  time: 0.3616  data: 0.0080  max mem:10274
Epoch: [36]  [120/184]  eta: 0:00:22  lr: 0.000500  loss: 0.1646 (0.1680)  loss_box_reg: 0.1051 (0.1098)  loss_classifier:0.0439 (0.0443)  loss_objectness: 0.0019 (0.0025)  loss_rpn_box_reg: 0.0101 (0.0114)  time: 0.3577  data: 0.0079  max mem:10274
Epoch: [36]  [140/184]  eta: 0:00:15  lr: 0.000500  loss: 0.1536 (0.1660)  loss_box_reg: 0.0980 (0.1082)  loss_classifier:0.0418 (0.0438)  loss_objectness: 0.0023 (0.0025)  loss_rpn_box_reg: 0.0101 (0.0114)  time: 0.3540  data: 0.0079  max mem:10274
Epoch: [36]  [160/184]  eta: 0:00:08  lr: 0.000500  loss: 0.1637 (0.1659)  loss_box_reg: 0.1052 (0.1083)  loss_classifier:0.0431 (0.0437)  loss_objectness: 0.0025 (0.0025)  loss_rpn_box_reg: 0.0087 (0.0113)  time: 0.3496  data: 0.0084  max mem:10274
Epoch: [36]  [180/184]  eta: 0:00:01  lr: 0.000500  loss: 0.1546 (0.1657)  loss_box_reg: 0.1026 (0.1082)  loss_classifier:0.0418 (0.0437)  loss_objectness: 0.0020 (0.0025)  loss_rpn_box_reg: 0.0082 (0.0113)  time: 0.3552  data: 0.0079  max mem:10274
Epoch: [36]  [183/184]  eta: 0:00:00  lr: 0.000500  loss: 0.1581 (0.1658)  loss_box_reg: 0.1034 (0.1081)  loss_classifier:0.0422 (0.0437)  loss_objectness: 0.0017 (0.0025)  loss_rpn_box_reg: 0.0085 (0.0115)  time: 0.3562  data: 0.0078  max mem:10274
Epoch: [36] Total time: 0:01:05 (0.3580 s / it)
Test:  [  0/211]  eta: 0:00:53  model_time: 0.0529 (0.0529)  evaluator_time: 0.0041 (0.0041)  time: 0.2519  data: 0.1924  max mem: 10274
Test:  [100/211]  eta: 0:00:04  model_time: 0.0313 (0.0324)  evaluator_time: 0.0019 (0.0019)  time: 0.0375  data: 0.0027  max mem: 10274
Test:  [200/211]  eta: 0:00:00  model_time: 0.0315 (0.0321)  evaluator_time: 0.0018 (0.0018)  time: 0.0369  data: 0.0025  max mem: 10274
Test:  [210/211]  eta: 0:00:00  model_time: 0.0308 (0.0320)  evaluator_time: 0.0017 (0.0018)  time: 0.0361  data: 0.0024  max mem: 10274
Test: Total time: 0:00:08 (0.0383 s / it)
Averaged stats: model_time: 0.0308 (0.0398)  evaluator_time: 0.0017 (0.0018)
Accumulating evaluation results...
DONE (t=0.09s).
IoU metric: bbox
 Average Precision  (AP) @[ IoU=0.50:0.95 | area=   all | maxDets=100 ] = 0.543
 Average Precision  (AP) @[ IoU=0.50      | area=   all | maxDets=100 ] = 0.911
 Average Precision  (AP) @[ IoU=0.75      | area=   all | maxDets=100 ] = 0.593
 Average Precision  (AP) @[ IoU=0.50:0.95 | area= small | maxDets=100 ] = 0.498
 Average Precision  (AP) @[ IoU=0.50:0.95 | area=medium | maxDets=100 ] = 0.700
 Average Precision  (AP) @[ IoU=0.50:0.95 | area= large | maxDets=100 ] = 0.623
 Average Recall     (AR) @[ IoU=0.50:0.95 | area=   all | maxDets=  1 ] = 0.449
 Average Recall     (AR) @[ IoU=0.50:0.95 | area=   all | maxDets= 10 ] = 0.614
 Average Recall     (AR) @[ IoU=0.50:0.95 | area=   all | maxDets=100 ] = 0.614
 Average Recall     (AR) @[ IoU=0.50:0.95 | area= small | maxDets=100 ] = 0.573
 Average Recall     (AR) @[ IoU=0.50:0.95 | area=medium | maxDets=100 ] = 0.752
 Average Recall     (AR) @[ IoU=0.50:0.95 | area= large | maxDets=100 ] = 0.675
Epoch: [37]  [  0/184]  eta: 0:02:34  lr: 0.000500  loss: 0.2101 (0.2101)  loss_box_reg: 0.1368 (0.1368)  loss_classifier:0.0572 (0.0572)  loss_objectness: 0.0032 (0.0032)  loss_rpn_box_reg: 0.0129 (0.0129)  time: 0.8407  data: 0.5127  max mem:10274
Epoch: [37]  [ 20/184]  eta: 0:01:01  lr: 0.000500  loss: 0.1565 (0.1631)  loss_box_reg: 0.1001 (0.1075)  loss_classifier:0.0399 (0.0420)  loss_objectness: 0.0023 (0.0027)  loss_rpn_box_reg: 0.0062 (0.0109)  time: 0.3532  data: 0.0084  max mem:10274
Epoch: [37]  [ 40/184]  eta: 0:00:52  lr: 0.000500  loss: 0.1586 (0.1619)  loss_box_reg: 0.0999 (0.1066)  loss_classifier:0.0405 (0.0415)  loss_objectness: 0.0023 (0.0026)  loss_rpn_box_reg: 0.0083 (0.0112)  time: 0.3531  data: 0.0079  max mem:10274
Epoch: [37]  [ 60/184]  eta: 0:00:44  lr: 0.000500  loss: 0.1525 (0.1603)  loss_box_reg: 0.1021 (0.1058)  loss_classifier:0.0412 (0.0412)  loss_objectness: 0.0016 (0.0025)  loss_rpn_box_reg: 0.0084 (0.0108)  time: 0.3554  data: 0.0086  max mem:10274
Epoch: [37]  [ 80/184]  eta: 0:00:37  lr: 0.000500  loss: 0.1552 (0.1609)  loss_box_reg: 0.1049 (0.1064)  loss_classifier:0.0391 (0.0411)  loss_objectness: 0.0023 (0.0024)  loss_rpn_box_reg: 0.0088 (0.0110)  time: 0.3507  data: 0.0073  max mem:10274
Epoch: [37]  [100/184]  eta: 0:00:29  lr: 0.000500  loss: 0.1508 (0.1595)  loss_box_reg: 0.1001 (0.1054)  loss_classifier:0.0400 (0.0409)  loss_objectness: 0.0016 (0.0023)  loss_rpn_box_reg: 0.0073 (0.0108)  time: 0.3491  data: 0.0070  max mem:10274
Epoch: [37]  [120/184]  eta: 0:00:22  lr: 0.000500  loss: 0.1470 (0.1590)  loss_box_reg: 0.1001 (0.1051)  loss_classifier:0.0399 (0.0411)  loss_objectness: 0.0011 (0.0023)  loss_rpn_box_reg: 0.0080 (0.0105)  time: 0.3440  data: 0.0075  max mem:10274
Epoch: [37]  [140/184]  eta: 0:00:15  lr: 0.000500  loss: 0.1527 (0.1580)  loss_box_reg: 0.0941 (0.1042)  loss_classifier:0.0383 (0.0408)  loss_objectness: 0.0023 (0.0023)  loss_rpn_box_reg: 0.0104 (0.0108)  time: 0.3550  data: 0.0079  max mem:10274
Epoch: [37]  [160/184]  eta: 0:00:08  lr: 0.000500  loss: 0.1514 (0.1576)  loss_box_reg: 0.0991 (0.1038)  loss_classifier:0.0397 (0.0408)  loss_objectness: 0.0019 (0.0023)  loss_rpn_box_reg: 0.0093 (0.0107)  time: 0.3474  data: 0.0076  max mem:10274
Epoch: [37]  [180/184]  eta: 0:00:01  lr: 0.000500  loss: 0.1570 (0.1588)  loss_box_reg: 0.1113 (0.1048)  loss_classifier:0.0412 (0.0411)  loss_objectness: 0.0018 (0.0023)  loss_rpn_box_reg: 0.0067 (0.0106)  time: 0.3616  data: 0.0073  max mem:10274
Epoch: [37]  [183/184]  eta: 0:00:00  lr: 0.000500  loss: 0.1570 (0.1587)  loss_box_reg: 0.1079 (0.1047)  loss_classifier:0.0409 (0.0410)  loss_objectness: 0.0021 (0.0023)  loss_rpn_box_reg: 0.0066 (0.0106)  time: 0.3600  data: 0.0073  max mem:10274
Epoch: [37] Total time: 0:01:05 (0.3553 s / it)
Test:  [  0/211]  eta: 0:03:30  model_time: 0.0505 (0.0505)  evaluator_time: 0.0039 (0.0039)  time: 0.9988  data: 0.9420  max mem: 10274
Test:  [100/211]  eta: 0:00:05  model_time: 0.0308 (0.0321)  evaluator_time: 0.0017 (0.0018)  time: 0.0369  data: 0.0026  max mem: 10274
Test:  [200/211]  eta: 0:00:00  model_time: 0.0315 (0.0318)  evaluator_time: 0.0017 (0.0018)  time: 0.0369  data: 0.0025  max mem: 10274
Test:  [210/211]  eta: 0:00:00  model_time: 0.0309 (0.0318)  evaluator_time: 0.0017 (0.0018)  time: 0.0365  data: 0.0025  max mem: 10274
Test: Total time: 0:00:08 (0.0413 s / it)
Averaged stats: model_time: 0.0309 (0.0409)  evaluator_time: 0.0017 (0.0018)
Accumulating evaluation results...
DONE (t=0.10s).
IoU metric: bbox
 Average Precision  (AP) @[ IoU=0.50:0.95 | area=   all | maxDets=100 ] = 0.547
 Average Precision  (AP) @[ IoU=0.50      | area=   all | maxDets=100 ] = 0.914
 Average Precision  (AP) @[ IoU=0.75      | area=   all | maxDets=100 ] = 0.588
 Average Precision  (AP) @[ IoU=0.50:0.95 | area= small | maxDets=100 ] = 0.502
 Average Precision  (AP) @[ IoU=0.50:0.95 | area=medium | maxDets=100 ] = 0.699
 Average Precision  (AP) @[ IoU=0.50:0.95 | area= large | maxDets=100 ] = 0.612
 Average Recall     (AR) @[ IoU=0.50:0.95 | area=   all | maxDets=  1 ] = 0.449
 Average Recall     (AR) @[ IoU=0.50:0.95 | area=   all | maxDets= 10 ] = 0.615
 Average Recall     (AR) @[ IoU=0.50:0.95 | area=   all | maxDets=100 ] = 0.615
 Average Recall     (AR) @[ IoU=0.50:0.95 | area= small | maxDets=100 ] = 0.575
 Average Recall     (AR) @[ IoU=0.50:0.95 | area=medium | maxDets=100 ] = 0.747
 Average Recall     (AR) @[ IoU=0.50:0.95 | area= large | maxDets=100 ] = 0.617
Epoch: [38]  [  0/184]  eta: 0:01:51  lr: 0.000500  loss: 0.1409 (0.1409)  loss_box_reg: 0.0898 (0.0898)  loss_classifier:0.0430 (0.0430)  loss_objectness: 0.0004 (0.0004)  loss_rpn_box_reg: 0.0077 (0.0077)  time: 0.6070  data: 0.2602  max mem:10274
Epoch: [38]  [ 20/184]  eta: 0:00:59  lr: 0.000500  loss: 0.1437 (0.1485)  loss_box_reg: 0.0947 (0.0970)  loss_classifier:0.0380 (0.0393)  loss_objectness: 0.0017 (0.0022)  loss_rpn_box_reg: 0.0096 (0.0100)  time: 0.3498  data: 0.0080  max mem:10274
Epoch: [38]  [ 40/184]  eta: 0:00:51  lr: 0.000500  loss: 0.1483 (0.1502)  loss_box_reg: 0.1006 (0.0983)  loss_classifier:0.0378 (0.0395)  loss_objectness: 0.0013 (0.0022)  loss_rpn_box_reg: 0.0098 (0.0101)  time: 0.3467  data: 0.0075  max mem:10274
Epoch: [38]  [ 60/184]  eta: 0:00:43  lr: 0.000500  loss: 0.1431 (0.1493)  loss_box_reg: 0.0984 (0.0986)  loss_classifier:0.0366 (0.0393)  loss_objectness: 0.0017 (0.0021)  loss_rpn_box_reg: 0.0058 (0.0092)  time: 0.3544  data: 0.0076  max mem:10274
Epoch: [38]  [ 80/184]  eta: 0:00:36  lr: 0.000500  loss: 0.1454 (0.1491)  loss_box_reg: 0.0946 (0.0983)  loss_classifier:0.0374 (0.0394)  loss_objectness: 0.0024 (0.0023)  loss_rpn_box_reg: 0.0089 (0.0093)  time: 0.3563  data: 0.0078  max mem:10274
Epoch: [38]  [100/184]  eta: 0:00:29  lr: 0.000500  loss: 0.1619 (0.1520)  loss_box_reg: 0.1062 (0.1001)  loss_classifier:0.0426 (0.0400)  loss_objectness: 0.0019 (0.0023)  loss_rpn_box_reg: 0.0103 (0.0096)  time: 0.3475  data: 0.0073  max mem:10274
Epoch: [38]  [120/184]  eta: 0:00:22  lr: 0.000500  loss: 0.1559 (0.1528)  loss_box_reg: 0.0986 (0.1003)  loss_classifier:0.0387 (0.0401)  loss_objectness: 0.0018 (0.0023)  loss_rpn_box_reg: 0.0102 (0.0101)  time: 0.3477  data: 0.0074  max mem:10274
Epoch: [38]  [140/184]  eta: 0:00:15  lr: 0.000500  loss: 0.1569 (0.1538)  loss_box_reg: 0.1045 (0.1012)  loss_classifier:0.0416 (0.0403)  loss_objectness: 0.0014 (0.0023)  loss_rpn_box_reg: 0.0075 (0.0100)  time: 0.3459  data: 0.0075  max mem:10274
Epoch: [38]  [160/184]  eta: 0:00:08  lr: 0.000500  loss: 0.1581 (0.1539)  loss_box_reg: 0.0947 (0.1010)  loss_classifier:0.0408 (0.0404)  loss_objectness: 0.0026 (0.0023)  loss_rpn_box_reg: 0.0102 (0.0103)  time: 0.3552  data: 0.0071  max mem:10274
Epoch: [38]  [180/184]  eta: 0:00:01  lr: 0.000500  loss: 0.1539 (0.1553)  loss_box_reg: 0.1023 (0.1021)  loss_classifier:0.0399 (0.0408)  loss_objectness: 0.0027 (0.0024)  loss_rpn_box_reg: 0.0068 (0.0101)  time: 0.3504  data: 0.0078  max mem:10274
Epoch: [38]  [183/184]  eta: 0:00:00  lr: 0.000500  loss: 0.1468 (0.1552)  loss_box_reg: 0.0993 (0.1020)  loss_classifier:0.0399 (0.0407)  loss_objectness: 0.0022 (0.0024)  loss_rpn_box_reg: 0.0067 (0.0101)  time: 0.3527  data: 0.0078  max mem:10274
Epoch: [38] Total time: 0:01:04 (0.3526 s / it)
Test:  [  0/211]  eta: 0:00:51  model_time: 0.0453 (0.0453)  evaluator_time: 0.0037 (0.0037)  time: 0.2420  data: 0.1899  max mem: 10274
Test:  [100/211]  eta: 0:00:04  model_time: 0.0309 (0.0331)  evaluator_time: 0.0017 (0.0018)  time: 0.0364  data: 0.0026  max mem: 10274
Test:  [200/211]  eta: 0:00:00  model_time: 0.0317 (0.0324)  evaluator_time: 0.0017 (0.0018)  time: 0.0367  data: 0.0025  max mem: 10274
Test:  [210/211]  eta: 0:00:00  model_time: 0.0307 (0.0324)  evaluator_time: 0.0017 (0.0018)  time: 0.0360  data: 0.0025  max mem: 10274
Test: Total time: 0:00:08 (0.0400 s / it)
Averaged stats: model_time: 0.0307 (0.0332)  evaluator_time: 0.0017 (0.0017)
Accumulating evaluation results...
DONE (t=0.10s).
IoU metric: bbox
 Average Precision  (AP) @[ IoU=0.50:0.95 | area=   all | maxDets=100 ] = 0.545
 Average Precision  (AP) @[ IoU=0.50      | area=   all | maxDets=100 ] = 0.914
 Average Precision  (AP) @[ IoU=0.75      | area=   all | maxDets=100 ] = 0.586
 Average Precision  (AP) @[ IoU=0.50:0.95 | area= small | maxDets=100 ] = 0.498
 Average Precision  (AP) @[ IoU=0.50:0.95 | area=medium | maxDets=100 ] = 0.713
 Average Precision  (AP) @[ IoU=0.50:0.95 | area= large | maxDets=100 ] = 0.650
 Average Recall     (AR) @[ IoU=0.50:0.95 | area=   all | maxDets=  1 ] = 0.450
 Average Recall     (AR) @[ IoU=0.50:0.95 | area=   all | maxDets= 10 ] = 0.615
 Average Recall     (AR) @[ IoU=0.50:0.95 | area=   all | maxDets=100 ] = 0.616
 Average Recall     (AR) @[ IoU=0.50:0.95 | area= small | maxDets=100 ] = 0.572
 Average Recall     (AR) @[ IoU=0.50:0.95 | area=medium | maxDets=100 ] = 0.760
 Average Recall     (AR) @[ IoU=0.50:0.95 | area= large | maxDets=100 ] = 0.700
Epoch: [39]  [  0/184]  eta: 0:01:50  lr: 0.000500  loss: 0.1586 (0.1586)  loss_box_reg: 0.1144 (0.1144)  loss_classifier:0.0343 (0.0343)  loss_objectness: 0.0010 (0.0010)  loss_rpn_box_reg: 0.0090 (0.0090)  time: 0.5998  data: 0.2541  max mem:10274
Epoch: [39]  [ 20/184]  eta: 0:00:58  lr: 0.000500  loss: 0.1560 (0.1562)  loss_box_reg: 0.1021 (0.1049)  loss_classifier:0.0406 (0.0399)  loss_objectness: 0.0015 (0.0021)  loss_rpn_box_reg: 0.0084 (0.0094)  time: 0.3464  data: 0.0066  max mem:10274
Epoch: [39]  [ 40/184]  eta: 0:00:51  lr: 0.000500  loss: 0.1495 (0.1542)  loss_box_reg: 0.1009 (0.1026)  loss_classifier:0.0385 (0.0398)  loss_objectness: 0.0015 (0.0021)  loss_rpn_box_reg: 0.0075 (0.0096)  time: 0.3501  data: 0.0078  max mem:10274
Epoch: [39]  [ 60/184]  eta: 0:00:43  lr: 0.000500  loss: 0.1452 (0.1524)  loss_box_reg: 0.0915 (0.1007)  loss_classifier:0.0381 (0.0394)  loss_objectness: 0.0021 (0.0022)  loss_rpn_box_reg: 0.0076 (0.0100)  time: 0.3434  data: 0.0079  max mem:10274
Epoch: [39]  [ 80/184]  eta: 0:00:36  lr: 0.000500  loss: 0.1471 (0.1521)  loss_box_reg: 0.0994 (0.1004)  loss_classifier:0.0395 (0.0395)  loss_objectness: 0.0016 (0.0022)  loss_rpn_box_reg: 0.0076 (0.0100)  time: 0.3493  data: 0.0074  max mem:10274
Epoch: [39]  [100/184]  eta: 0:00:29  lr: 0.000500  loss: 0.1507 (0.1521)  loss_box_reg: 0.1002 (0.1005)  loss_classifier:0.0373 (0.0394)  loss_objectness: 0.0013 (0.0021)  loss_rpn_box_reg: 0.0084 (0.0101)  time: 0.3494  data: 0.0074  max mem:10274
Epoch: [39]  [120/184]  eta: 0:00:22  lr: 0.000500  loss: 0.1559 (0.1525)  loss_box_reg: 0.1024 (0.1004)  loss_classifier:0.0402 (0.0398)  loss_objectness: 0.0021 (0.0021)  loss_rpn_box_reg: 0.0072 (0.0102)  time: 0.3467  data: 0.0070  max mem:10274
Epoch: [39]  [140/184]  eta: 0:00:15  lr: 0.000500  loss: 0.1401 (0.1518)  loss_box_reg: 0.0932 (0.0999)  loss_classifier:0.0402 (0.0397)  loss_objectness: 0.0016 (0.0021)  loss_rpn_box_reg: 0.0080 (0.0101)  time: 0.3569  data: 0.0075  max mem:10274
Epoch: [39]  [160/184]  eta: 0:00:08  lr: 0.000500  loss: 0.1444 (0.1513)  loss_box_reg: 0.0950 (0.0996)  loss_classifier:0.0371 (0.0396)  loss_objectness: 0.0016 (0.0021)  loss_rpn_box_reg: 0.0076 (0.0100)  time: 0.3473  data: 0.0072  max mem:10274
Epoch: [39]  [180/184]  eta: 0:00:01  lr: 0.000500  loss: 0.1442 (0.1508)  loss_box_reg: 0.0966 (0.0994)  loss_classifier:0.0399 (0.0395)  loss_objectness: 0.0020 (0.0021)  loss_rpn_box_reg: 0.0075 (0.0098)  time: 0.3476  data: 0.0067  max mem:10274
Epoch: [39]  [183/184]  eta: 0:00:00  lr: 0.000500  loss: 0.1442 (0.1509)  loss_box_reg: 0.0966 (0.0994)  loss_classifier:0.0399 (0.0395)  loss_objectness: 0.0019 (0.0021)  loss_rpn_box_reg: 0.0078 (0.0099)  time: 0.3561  data: 0.0065  max mem:10274
Epoch: [39] Total time: 0:01:04 (0.3512 s / it)
Test:  [  0/211]  eta: 0:02:29  model_time: 0.0558 (0.0558)  evaluator_time: 0.0046 (0.0046)  time: 0.7090  data: 0.6457  max mem: 10274
Test:  [100/211]  eta: 0:00:04  model_time: 0.0307 (0.0319)  evaluator_time: 0.0017 (0.0018)  time: 0.0363  data: 0.0025  max mem: 10274
Test:  [200/211]  eta: 0:00:00  model_time: 0.0318 (0.0317)  evaluator_time: 0.0017 (0.0018)  time: 0.0366  data: 0.0023  max mem: 10274
Test:  [210/211]  eta: 0:00:00  model_time: 0.0309 (0.0317)  evaluator_time: 0.0017 (0.0018)  time: 0.0362  data: 0.0024  max mem: 10274
Test: Total time: 0:00:08 (0.0398 s / it)
Averaged stats: model_time: 0.0309 (0.0337)  evaluator_time: 0.0017 (0.0018)
Accumulating evaluation results...
DONE (t=0.10s).
IoU metric: bbox
 Average Precision  (AP) @[ IoU=0.50:0.95 | area=   all | maxDets=100 ] = 0.546
 Average Precision  (AP) @[ IoU=0.50      | area=   all | maxDets=100 ] = 0.913
 Average Precision  (AP) @[ IoU=0.75      | area=   all | maxDets=100 ] = 0.596
 Average Precision  (AP) @[ IoU=0.50:0.95 | area= small | maxDets=100 ] = 0.501
 Average Precision  (AP) @[ IoU=0.50:0.95 | area=medium | maxDets=100 ] = 0.709
 Average Precision  (AP) @[ IoU=0.50:0.95 | area= large | maxDets=100 ] = 0.630
 Average Recall     (AR) @[ IoU=0.50:0.95 | area=   all | maxDets=  1 ] = 0.452
 Average Recall     (AR) @[ IoU=0.50:0.95 | area=   all | maxDets= 10 ] = 0.619
 Average Recall     (AR) @[ IoU=0.50:0.95 | area=   all | maxDets=100 ] = 0.619
 Average Recall     (AR) @[ IoU=0.50:0.95 | area= small | maxDets=100 ] = 0.578
 Average Recall     (AR) @[ IoU=0.50:0.95 | area=medium | maxDets=100 ] = 0.755
 Average Recall     (AR) @[ IoU=0.50:0.95 | area= large | maxDets=100 ] = 0.633
Epoch: [40]  [  0/184]  eta: 0:01:58  lr: 0.000500  loss: 0.1476 (0.1476)  loss_box_reg: 0.0954 (0.0954)  loss_classifier:0.0400 (0.0400)  loss_objectness: 0.0040 (0.0040)  loss_rpn_box_reg: 0.0083 (0.0083)  time: 0.6438  data: 0.2701  max mem:10274
Epoch: [40]  [ 20/184]  eta: 0:00:59  lr: 0.000500  loss: 0.1484 (0.1498)  loss_box_reg: 0.0980 (0.1008)  loss_classifier:0.0386 (0.0385)  loss_objectness: 0.0016 (0.0022)  loss_rpn_box_reg: 0.0062 (0.0082)  time: 0.3499  data: 0.0087  max mem:10274
Epoch: [40]  [ 40/184]  eta: 0:00:51  lr: 0.000500  loss: 0.1435 (0.1479)  loss_box_reg: 0.0949 (0.0979)  loss_classifier:0.0382 (0.0388)  loss_objectness: 0.0019 (0.0024)  loss_rpn_box_reg: 0.0087 (0.0088)  time: 0.3499  data: 0.0077  max mem:10274
Epoch: [40]  [ 60/184]  eta: 0:00:44  lr: 0.000500  loss: 0.1473 (0.1489)  loss_box_reg: 0.0990 (0.0987)  loss_classifier:0.0387 (0.0393)  loss_objectness: 0.0019 (0.0023)  loss_rpn_box_reg: 0.0063 (0.0086)  time: 0.3515  data: 0.0071  max mem:10274
Epoch: [40]  [ 80/184]  eta: 0:00:36  lr: 0.000500  loss: 0.1405 (0.1467)  loss_box_reg: 0.0872 (0.0969)  loss_classifier:0.0391 (0.0391)  loss_objectness: 0.0018 (0.0022)  loss_rpn_box_reg: 0.0068 (0.0085)  time: 0.3508  data: 0.0074  max mem:10274
Epoch: [40]  [100/184]  eta: 0:00:29  lr: 0.000500  loss: 0.1488 (0.1466)  loss_box_reg: 0.0984 (0.0968)  loss_classifier:0.0390 (0.0391)  loss_objectness: 0.0015 (0.0021)  loss_rpn_box_reg: 0.0084 (0.0086)  time: 0.3514  data: 0.0073  max mem:10274
Epoch: [40]  [120/184]  eta: 0:00:22  lr: 0.000500  loss: 0.1492 (0.1474)  loss_box_reg: 0.0968 (0.0968)  loss_classifier:0.0389 (0.0392)  loss_objectness: 0.0022 (0.0022)  loss_rpn_box_reg: 0.0093 (0.0092)  time: 0.3554  data: 0.0072  max mem:10274
Epoch: [40]  [140/184]  eta: 0:00:15  lr: 0.000500  loss: 0.1444 (0.1475)  loss_box_reg: 0.0971 (0.0970)  loss_classifier:0.0391 (0.0391)  loss_objectness: 0.0013 (0.0021)  loss_rpn_box_reg: 0.0071 (0.0092)  time: 0.3423  data: 0.0073  max mem:10274
Epoch: [40]  [160/184]  eta: 0:00:08  lr: 0.000500  loss: 0.1582 (0.1483)  loss_box_reg: 0.1026 (0.0974)  loss_classifier:0.0406 (0.0392)  loss_objectness: 0.0012 (0.0022)  loss_rpn_box_reg: 0.0104 (0.0095)  time: 0.3492  data: 0.0076  max mem:10274
Epoch: [40]  [180/184]  eta: 0:00:01  lr: 0.000500  loss: 0.1427 (0.1480)  loss_box_reg: 0.0913 (0.0972)  loss_classifier:0.0403 (0.0393)  loss_objectness: 0.0011 (0.0021)  loss_rpn_box_reg: 0.0065 (0.0094)  time: 0.3539  data: 0.0075  max mem:10274
Epoch: [40]  [183/184]  eta: 0:00:00  lr: 0.000500  loss: 0.1381 (0.1480)  loss_box_reg: 0.0899 (0.0971)  loss_classifier:0.0392 (0.0393)  loss_objectness: 0.0011 (0.0021)  loss_rpn_box_reg: 0.0065 (0.0095)  time: 0.3526  data: 0.0072  max mem:10274
Epoch: [40] Total time: 0:01:04 (0.3524 s / it)
Test:  [  0/211]  eta: 0:00:51  model_time: 0.0412 (0.0412)  evaluator_time: 0.0032 (0.0032)  time: 0.2418  data: 0.1957  max mem: 10274
Test:  [100/211]  eta: 0:00:04  model_time: 0.0309 (0.0317)  evaluator_time: 0.0016 (0.0017)  time: 0.0368  data: 0.0026  max mem: 10274
Test:  [200/211]  eta: 0:00:00  model_time: 0.0309 (0.0315)  evaluator_time: 0.0016 (0.0017)  time: 0.0363  data: 0.0024  max mem: 10274
Test:  [210/211]  eta: 0:00:00  model_time: 0.0308 (0.0315)  evaluator_time: 0.0017 (0.0017)  time: 0.0358  data: 0.0023  max mem: 10274
Test: Total time: 0:00:07 (0.0374 s / it)
Averaged stats: model_time: 0.0308 (0.0345)  evaluator_time: 0.0017 (0.0017)
Accumulating evaluation results...
DONE (t=0.08s).
IoU metric: bbox
 Average Precision  (AP) @[ IoU=0.50:0.95 | area=   all | maxDets=100 ] = 0.544
 Average Precision  (AP) @[ IoU=0.50      | area=   all | maxDets=100 ] = 0.911
 Average Precision  (AP) @[ IoU=0.75      | area=   all | maxDets=100 ] = 0.602
 Average Precision  (AP) @[ IoU=0.50:0.95 | area= small | maxDets=100 ] = 0.498
 Average Precision  (AP) @[ IoU=0.50:0.95 | area=medium | maxDets=100 ] = 0.707
 Average Precision  (AP) @[ IoU=0.50:0.95 | area= large | maxDets=100 ] = 0.690
 Average Recall     (AR) @[ IoU=0.50:0.95 | area=   all | maxDets=  1 ] = 0.450
 Average Recall     (AR) @[ IoU=0.50:0.95 | area=   all | maxDets= 10 ] = 0.613
 Average Recall     (AR) @[ IoU=0.50:0.95 | area=   all | maxDets=100 ] = 0.613
 Average Recall     (AR) @[ IoU=0.50:0.95 | area= small | maxDets=100 ] = 0.571
 Average Recall     (AR) @[ IoU=0.50:0.95 | area=medium | maxDets=100 ] = 0.751
 Average Recall     (AR) @[ IoU=0.50:0.95 | area= large | maxDets=100 ] = 0.700
Epoch: [41]  [  0/184]  eta: 0:01:59  lr: 0.000500  loss: 0.1346 (0.1346)  loss_box_reg: 0.0882 (0.0882)  loss_classifier:0.0349 (0.0349)  loss_objectness: 0.0006 (0.0006)  loss_rpn_box_reg: 0.0107 (0.0107)  time: 0.6483  data: 0.3007  max mem:10274
Epoch: [41]  [ 20/184]  eta: 0:00:58  lr: 0.000500  loss: 0.1386 (0.1392)  loss_box_reg: 0.0927 (0.0925)  loss_classifier:0.0359 (0.0372)  loss_objectness: 0.0014 (0.0014)  loss_rpn_box_reg: 0.0071 (0.0082)  time: 0.3437  data: 0.0071  max mem:10274
Epoch: [41]  [ 40/184]  eta: 0:00:50  lr: 0.000500  loss: 0.1396 (0.1420)  loss_box_reg: 0.0948 (0.0938)  loss_classifier:0.0376 (0.0375)  loss_objectness: 0.0015 (0.0017)  loss_rpn_box_reg: 0.0075 (0.0090)  time: 0.3467  data: 0.0076  max mem:10274
Epoch: [41]  [ 60/184]  eta: 0:00:43  lr: 0.000500  loss: 0.1484 (0.1433)  loss_box_reg: 0.0933 (0.0941)  loss_classifier:0.0372 (0.0378)  loss_objectness: 0.0016 (0.0018)  loss_rpn_box_reg: 0.0098 (0.0096)  time: 0.3518  data: 0.0075  max mem:10274
Epoch: [41]  [ 80/184]  eta: 0:00:36  lr: 0.000500  loss: 0.1526 (0.1450)  loss_box_reg: 0.0998 (0.0958)  loss_classifier:0.0382 (0.0381)  loss_objectness: 0.0012 (0.0018)  loss_rpn_box_reg: 0.0073 (0.0093)  time: 0.3439  data: 0.0072  max mem:10274
Epoch: [41]  [100/184]  eta: 0:00:29  lr: 0.000500  loss: 0.1407 (0.1456)  loss_box_reg: 0.0928 (0.0961)  loss_classifier:0.0377 (0.0383)  loss_objectness: 0.0016 (0.0019)  loss_rpn_box_reg: 0.0065 (0.0094)  time: 0.3482  data: 0.0073  max mem:10274
Epoch: [41]  [120/184]  eta: 0:00:22  lr: 0.000500  loss: 0.1514 (0.1465)  loss_box_reg: 0.1014 (0.0967)  loss_classifier:0.0399 (0.0385)  loss_objectness: 0.0014 (0.0019)  loss_rpn_box_reg: 0.0083 (0.0094)  time: 0.3445  data: 0.0076  max mem:10274
Epoch: [41]  [140/184]  eta: 0:00:15  lr: 0.000500  loss: 0.1474 (0.1468)  loss_box_reg: 0.0983 (0.0971)  loss_classifier:0.0355 (0.0383)  loss_objectness: 0.0014 (0.0019)  loss_rpn_box_reg: 0.0090 (0.0094)  time: 0.3520  data: 0.0062  max mem:10274
Epoch: [41]  [160/184]  eta: 0:00:08  lr: 0.000500  loss: 0.1458 (0.1469)  loss_box_reg: 0.0963 (0.0970)  loss_classifier:0.0365 (0.0384)  loss_objectness: 0.0012 (0.0020)  loss_rpn_box_reg: 0.0090 (0.0096)  time: 0.3476  data: 0.0066  max mem:10274
Epoch: [41]  [180/184]  eta: 0:00:01  lr: 0.000500  loss: 0.1513 (0.1474)  loss_box_reg: 0.0999 (0.0974)  loss_classifier:0.0411 (0.0386)  loss_objectness: 0.0019 (0.0020)  loss_rpn_box_reg: 0.0071 (0.0094)  time: 0.3512  data: 0.0070  max mem:10274
Epoch: [41]  [183/184]  eta: 0:00:00  lr: 0.000500  loss: 0.1522 (0.1474)  loss_box_reg: 0.0999 (0.0973)  loss_classifier:0.0388 (0.0386)  loss_objectness: 0.0016 (0.0020)  loss_rpn_box_reg: 0.0079 (0.0096)  time: 0.3575  data: 0.0072  max mem:10274
Epoch: [41] Total time: 0:01:04 (0.3506 s / it)
Test:  [  0/211]  eta: 0:00:54  model_time: 0.0524 (0.0524)  evaluator_time: 0.0034 (0.0034)  time: 0.2588  data: 0.1993  max mem: 10274
Test:  [100/211]  eta: 0:00:04  model_time: 0.0306 (0.0317)  evaluator_time: 0.0016 (0.0017)  time: 0.0360  data: 0.0025  max mem: 10274
Test:  [200/211]  eta: 0:00:00  model_time: 0.0307 (0.0316)  evaluator_time: 0.0016 (0.0017)  time: 0.0359  data: 0.0022  max mem: 10274
Test:  [210/211]  eta: 0:00:00  model_time: 0.0306 (0.0316)  evaluator_time: 0.0016 (0.0017)  time: 0.0355  data: 0.0023  max mem: 10274
Test: Total time: 0:00:07 (0.0375 s / it)
Averaged stats: model_time: 0.0306 (0.0344)  evaluator_time: 0.0016 (0.0017)
Accumulating evaluation results...
DONE (t=0.10s).
IoU metric: bbox
 Average Precision  (AP) @[ IoU=0.50:0.95 | area=   all | maxDets=100 ] = 0.546
 Average Precision  (AP) @[ IoU=0.50      | area=   all | maxDets=100 ] = 0.913
 Average Precision  (AP) @[ IoU=0.75      | area=   all | maxDets=100 ] = 0.604
 Average Precision  (AP) @[ IoU=0.50:0.95 | area= small | maxDets=100 ] = 0.502
 Average Precision  (AP) @[ IoU=0.50:0.95 | area=medium | maxDets=100 ] = 0.706
 Average Precision  (AP) @[ IoU=0.50:0.95 | area= large | maxDets=100 ] = 0.643
 Average Recall     (AR) @[ IoU=0.50:0.95 | area=   all | maxDets=  1 ] = 0.450
 Average Recall     (AR) @[ IoU=0.50:0.95 | area=   all | maxDets= 10 ] = 0.616
 Average Recall     (AR) @[ IoU=0.50:0.95 | area=   all | maxDets=100 ] = 0.617
 Average Recall     (AR) @[ IoU=0.50:0.95 | area= small | maxDets=100 ] = 0.575
 Average Recall     (AR) @[ IoU=0.50:0.95 | area=medium | maxDets=100 ] = 0.754
 Average Recall     (AR) @[ IoU=0.50:0.95 | area= large | maxDets=100 ] = 0.683
Epoch: [42]  [  0/184]  eta: 0:01:47  lr: 0.000500  loss: 0.1594 (0.1594)  loss_box_reg: 0.1131 (0.1131)  loss_classifier:0.0416 (0.0416)  loss_objectness: 0.0010 (0.0010)  loss_rpn_box_reg: 0.0038 (0.0038)  time: 0.5835  data: 0.2386  max mem:10274
Epoch: [42]  [ 20/184]  eta: 0:00:59  lr: 0.000500  loss: 0.1399 (0.1440)  loss_box_reg: 0.0904 (0.0950)  loss_classifier:0.0365 (0.0378)  loss_objectness: 0.0011 (0.0017)  loss_rpn_box_reg: 0.0080 (0.0095)  time: 0.3487  data: 0.0066  max mem:10274
Epoch: [42]  [ 40/184]  eta: 0:00:51  lr: 0.000500  loss: 0.1481 (0.1448)  loss_box_reg: 0.0974 (0.0954)  loss_classifier:0.0374 (0.0377)  loss_objectness: 0.0010 (0.0017)  loss_rpn_box_reg: 0.0089 (0.0099)  time: 0.3493  data: 0.0071  max mem:10274
Epoch: [42]  [ 60/184]  eta: 0:00:43  lr: 0.000500  loss: 0.1379 (0.1434)  loss_box_reg: 0.0867 (0.0942)  loss_classifier:0.0385 (0.0378)  loss_objectness: 0.0009 (0.0018)  loss_rpn_box_reg: 0.0069 (0.0096)  time: 0.3475  data: 0.0072  max mem:10274
Epoch: [42]  [ 80/184]  eta: 0:00:36  lr: 0.000500  loss: 0.1395 (0.1442)  loss_box_reg: 0.0936 (0.0948)  loss_classifier:0.0382 (0.0381)  loss_objectness: 0.0016 (0.0018)  loss_rpn_box_reg: 0.0062 (0.0094)  time: 0.3448  data: 0.0076  max mem:10274
Epoch: [42]  [100/184]  eta: 0:00:29  lr: 0.000500  loss: 0.1378 (0.1435)  loss_box_reg: 0.0930 (0.0945)  loss_classifier:0.0367 (0.0382)  loss_objectness: 0.0016 (0.0018)  loss_rpn_box_reg: 0.0058 (0.0090)  time: 0.3459  data: 0.0072  max mem:10274
Epoch: [42]  [120/184]  eta: 0:00:22  lr: 0.000500  loss: 0.1469 (0.1440)  loss_box_reg: 0.0958 (0.0950)  loss_classifier:0.0373 (0.0382)  loss_objectness: 0.0010 (0.0018)  loss_rpn_box_reg: 0.0075 (0.0090)  time: 0.3436  data: 0.0067  max mem:10274
Epoch: [42]  [140/184]  eta: 0:00:15  lr: 0.000500  loss: 0.1386 (0.1444)  loss_box_reg: 0.0907 (0.0952)  loss_classifier:0.0388 (0.0382)  loss_objectness: 0.0016 (0.0018)  loss_rpn_box_reg: 0.0093 (0.0092)  time: 0.3528  data: 0.0078  max mem:10274
Epoch: [42]  [160/184]  eta: 0:00:08  lr: 0.000500  loss: 0.1403 (0.1446)  loss_box_reg: 0.0939 (0.0954)  loss_classifier:0.0374 (0.0382)  loss_objectness: 0.0011 (0.0018)  loss_rpn_box_reg: 0.0091 (0.0093)  time: 0.3450  data: 0.0073  max mem:10274
Epoch: [42]  [180/184]  eta: 0:00:01  lr: 0.000500  loss: 0.1425 (0.1449)  loss_box_reg: 0.0945 (0.0956)  loss_classifier:0.0357 (0.0381)  loss_objectness: 0.0017 (0.0018)  loss_rpn_box_reg: 0.0078 (0.0093)  time: 0.3548  data: 0.0075  max mem:10274
Epoch: [42]  [183/184]  eta: 0:00:00  lr: 0.000500  loss: 0.1425 (0.1449)  loss_box_reg: 0.0945 (0.0956)  loss_classifier:0.0362 (0.0381)  loss_objectness: 0.0015 (0.0018)  loss_rpn_box_reg: 0.0078 (0.0093)  time: 0.3548  data: 0.0073  max mem:10274
Epoch: [42] Total time: 0:01:04 (0.3503 s / it)
Test:  [  0/211]  eta: 0:01:40  model_time: 0.0580 (0.0580)  evaluator_time: 0.0047 (0.0047)  time: 0.4762  data: 0.4107  max mem: 10274
Test:  [100/211]  eta: 0:00:04  model_time: 0.0307 (0.0320)  evaluator_time: 0.0017 (0.0018)  time: 0.0365  data: 0.0025  max mem: 10274
Test:  [200/211]  eta: 0:00:00  model_time: 0.0312 (0.0318)  evaluator_time: 0.0017 (0.0017)  time: 0.0367  data: 0.0025  max mem: 10274
Test:  [210/211]  eta: 0:00:00  model_time: 0.0307 (0.0318)  evaluator_time: 0.0017 (0.0017)  time: 0.0364  data: 0.0025  max mem: 10274
Test: Total time: 0:00:08 (0.0389 s / it)
Averaged stats: model_time: 0.0307 (0.0354)  evaluator_time: 0.0017 (0.0017)
Accumulating evaluation results...
DONE (t=0.09s).
IoU metric: bbox
 Average Precision  (AP) @[ IoU=0.50:0.95 | area=   all | maxDets=100 ] = 0.545
 Average Precision  (AP) @[ IoU=0.50      | area=   all | maxDets=100 ] = 0.909
 Average Precision  (AP) @[ IoU=0.75      | area=   all | maxDets=100 ] = 0.597
 Average Precision  (AP) @[ IoU=0.50:0.95 | area= small | maxDets=100 ] = 0.498
 Average Precision  (AP) @[ IoU=0.50:0.95 | area=medium | maxDets=100 ] = 0.708
 Average Precision  (AP) @[ IoU=0.50:0.95 | area= large | maxDets=100 ] = 0.650
 Average Recall     (AR) @[ IoU=0.50:0.95 | area=   all | maxDets=  1 ] = 0.453
 Average Recall     (AR) @[ IoU=0.50:0.95 | area=   all | maxDets= 10 ] = 0.614
 Average Recall     (AR) @[ IoU=0.50:0.95 | area=   all | maxDets=100 ] = 0.614
 Average Recall     (AR) @[ IoU=0.50:0.95 | area= small | maxDets=100 ] = 0.571
 Average Recall     (AR) @[ IoU=0.50:0.95 | area=medium | maxDets=100 ] = 0.753
 Average Recall     (AR) @[ IoU=0.50:0.95 | area= large | maxDets=100 ] = 0.658
Epoch: [43]  [  0/184]  eta: 0:01:52  lr: 0.000050  loss: 0.1392 (0.1392)  loss_box_reg: 0.0875 (0.0875)  loss_classifier:0.0389 (0.0389)  loss_objectness: 0.0043 (0.0043)  loss_rpn_box_reg: 0.0084 (0.0084)  time: 0.6137  data: 0.2528  max mem:10274
Epoch: [43]  [ 20/184]  eta: 0:01:00  lr: 0.000050  loss: 0.1303 (0.1346)  loss_box_reg: 0.0856 (0.0874)  loss_classifier:0.0362 (0.0368)  loss_objectness: 0.0011 (0.0017)  loss_rpn_box_reg: 0.0071 (0.0086)  time: 0.3538  data: 0.0083  max mem:10274
Epoch: [43]  [ 40/184]  eta: 0:00:52  lr: 0.000050  loss: 0.1349 (0.1362)  loss_box_reg: 0.0902 (0.0884)  loss_classifier:0.0378 (0.0372)  loss_objectness: 0.0015 (0.0019)  loss_rpn_box_reg: 0.0071 (0.0087)  time: 0.3581  data: 0.0082  max mem:10274
Epoch: [43]  [ 60/184]  eta: 0:00:44  lr: 0.000050  loss: 0.1373 (0.1377)  loss_box_reg: 0.0879 (0.0899)  loss_classifier:0.0373 (0.0373)  loss_objectness: 0.0026 (0.0021)  loss_rpn_box_reg: 0.0070 (0.0084)  time: 0.3436  data: 0.0071  max mem:10274
Epoch: [43]  [ 80/184]  eta: 0:00:36  lr: 0.000050  loss: 0.1421 (0.1386)  loss_box_reg: 0.0937 (0.0907)  loss_classifier:0.0365 (0.0374)  loss_objectness: 0.0015 (0.0020)  loss_rpn_box_reg: 0.0066 (0.0085)  time: 0.3517  data: 0.0073  max mem:10274
Epoch: [43]  [100/184]  eta: 0:00:29  lr: 0.000050  loss: 0.1465 (0.1406)  loss_box_reg: 0.0940 (0.0919)  loss_classifier:0.0374 (0.0379)  loss_objectness: 0.0015 (0.0020)  loss_rpn_box_reg: 0.0069 (0.0088)  time: 0.3486  data: 0.0076  max mem:10274
Epoch: [43]  [120/184]  eta: 0:00:22  lr: 0.000050  loss: 0.1450 (0.1415)  loss_box_reg: 0.0932 (0.0924)  loss_classifier:0.0382 (0.0381)  loss_objectness: 0.0012 (0.0019)  loss_rpn_box_reg: 0.0079 (0.0091)  time: 0.3475  data: 0.0070  max mem:10274
Epoch: [43]  [140/184]  eta: 0:00:15  lr: 0.000050  loss: 0.1456 (0.1420)  loss_box_reg: 0.0931 (0.0928)  loss_classifier:0.0377 (0.0382)  loss_objectness: 0.0016 (0.0020)  loss_rpn_box_reg: 0.0068 (0.0090)  time: 0.3477  data: 0.0071  max mem:10274
Epoch: [43]  [160/184]  eta: 0:00:08  lr: 0.000050  loss: 0.1485 (0.1425)  loss_box_reg: 0.0985 (0.0933)  loss_classifier:0.0380 (0.0382)  loss_objectness: 0.0018 (0.0020)  loss_rpn_box_reg: 0.0061 (0.0090)  time: 0.3430  data: 0.0072  max mem:10274
Epoch: [43]  [180/184]  eta: 0:00:01  lr: 0.000050  loss: 0.1433 (0.1425)  loss_box_reg: 0.0928 (0.0932)  loss_classifier:0.0395 (0.0382)  loss_objectness: 0.0014 (0.0020)  loss_rpn_box_reg: 0.0064 (0.0090)  time: 0.3454  data: 0.0070  max mem:10274
Epoch: [43]  [183/184]  eta: 0:00:00  lr: 0.000050  loss: 0.1398 (0.1423)  loss_box_reg: 0.0904 (0.0931)  loss_classifier:0.0395 (0.0382)  loss_objectness: 0.0012 (0.0020)  loss_rpn_box_reg: 0.0064 (0.0090)  time: 0.3564  data: 0.0073  max mem:10274
Epoch: [43] Total time: 0:01:04 (0.3516 s / it)
Test:  [  0/211]  eta: 0:00:59  model_time: 0.0571 (0.0571)  evaluator_time: 0.0047 (0.0047)  time: 0.2836  data: 0.2189  max mem: 10274
Test:  [100/211]  eta: 0:00:04  model_time: 0.0314 (0.0322)  evaluator_time: 0.0017 (0.0018)  time: 0.0372  data: 0.0025  max mem: 10274
Test:  [200/211]  eta: 0:00:00  model_time: 0.0323 (0.0325)  evaluator_time: 0.0017 (0.0018)  time: 0.0368  data: 0.0025  max mem: 10274
Test:  [210/211]  eta: 0:00:00  model_time: 0.0307 (0.0324)  evaluator_time: 0.0017 (0.0018)  time: 0.0361  data: 0.0025  max mem: 10274
Test: Total time: 0:00:08 (0.0386 s / it)
Averaged stats: model_time: 0.0307 (0.0412)  evaluator_time: 0.0017 (0.0018)
Accumulating evaluation results...
DONE (t=0.09s).
IoU metric: bbox
 Average Precision  (AP) @[ IoU=0.50:0.95 | area=   all | maxDets=100 ] = 0.542
 Average Precision  (AP) @[ IoU=0.50      | area=   all | maxDets=100 ] = 0.904
 Average Precision  (AP) @[ IoU=0.75      | area=   all | maxDets=100 ] = 0.583
 Average Precision  (AP) @[ IoU=0.50:0.95 | area= small | maxDets=100 ] = 0.496
 Average Precision  (AP) @[ IoU=0.50:0.95 | area=medium | maxDets=100 ] = 0.701
 Average Precision  (AP) @[ IoU=0.50:0.95 | area= large | maxDets=100 ] = 0.601
 Average Recall     (AR) @[ IoU=0.50:0.95 | area=   all | maxDets=  1 ] = 0.449
 Average Recall     (AR) @[ IoU=0.50:0.95 | area=   all | maxDets= 10 ] = 0.610
 Average Recall     (AR) @[ IoU=0.50:0.95 | area=   all | maxDets=100 ] = 0.610
 Average Recall     (AR) @[ IoU=0.50:0.95 | area= small | maxDets=100 ] = 0.569
 Average Recall     (AR) @[ IoU=0.50:0.95 | area=medium | maxDets=100 ] = 0.748
 Average Recall     (AR) @[ IoU=0.50:0.95 | area= large | maxDets=100 ] = 0.608
Epoch: [44]  [  0/184]  eta: 0:01:58  lr: 0.000050  loss: 0.1364 (0.1364)  loss_box_reg: 0.0836 (0.0836)  loss_classifier:0.0372 (0.0372)  loss_objectness: 0.0015 (0.0015)  loss_rpn_box_reg: 0.0141 (0.0141)  time: 0.6413  data: 0.2778  max mem:10274
Epoch: [44]  [ 20/184]  eta: 0:00:59  lr: 0.000050  loss: 0.1396 (0.1445)  loss_box_reg: 0.0934 (0.0950)  loss_classifier:0.0378 (0.0389)  loss_objectness: 0.0015 (0.0019)  loss_rpn_box_reg: 0.0075 (0.0087)  time: 0.3459  data: 0.0079  max mem:10274
Epoch: [44]  [ 40/184]  eta: 0:00:50  lr: 0.000050  loss: 0.1362 (0.1426)  loss_box_reg: 0.0878 (0.0927)  loss_classifier:0.0354 (0.0388)  loss_objectness: 0.0008 (0.0019)  loss_rpn_box_reg: 0.0069 (0.0092)  time: 0.3449  data: 0.0079  max mem:10274
Epoch: [44]  [ 60/184]  eta: 0:00:43  lr: 0.000050  loss: 0.1398 (0.1428)  loss_box_reg: 0.0914 (0.0930)  loss_classifier:0.0386 (0.0386)  loss_objectness: 0.0022 (0.0020)  loss_rpn_box_reg: 0.0064 (0.0092)  time: 0.3446  data: 0.0074  max mem:10274
Epoch: [44]  [ 80/184]  eta: 0:00:36  lr: 0.000050  loss: 0.1440 (0.1433)  loss_box_reg: 0.0937 (0.0935)  loss_classifier:0.0393 (0.0386)  loss_objectness: 0.0013 (0.0020)  loss_rpn_box_reg: 0.0074 (0.0091)  time: 0.3485  data: 0.0072  max mem:10274
Epoch: [44]  [100/184]  eta: 0:00:29  lr: 0.000050  loss: 0.1381 (0.1425)  loss_box_reg: 0.0897 (0.0934)  loss_classifier:0.0362 (0.0385)  loss_objectness: 0.0015 (0.0020)  loss_rpn_box_reg: 0.0055 (0.0087)  time: 0.3479  data: 0.0071  max mem:10274
Epoch: [44]  [120/184]  eta: 0:00:22  lr: 0.000050  loss: 0.1402 (0.1422)  loss_box_reg: 0.0909 (0.0933)  loss_classifier:0.0358 (0.0382)  loss_objectness: 0.0012 (0.0019)  loss_rpn_box_reg: 0.0078 (0.0088)  time: 0.3462  data: 0.0070  max mem:10274
Epoch: [44]  [140/184]  eta: 0:00:15  lr: 0.000050  loss: 0.1359 (0.1419)  loss_box_reg: 0.0925 (0.0931)  loss_classifier:0.0360 (0.0380)  loss_objectness: 0.0013 (0.0019)  loss_rpn_box_reg: 0.0082 (0.0088)  time: 0.3456  data: 0.0072  max mem:10274
Epoch: [44]  [160/184]  eta: 0:00:08  lr: 0.000050  loss: 0.1301 (0.1405)  loss_box_reg: 0.0866 (0.0922)  loss_classifier:0.0353 (0.0375)  loss_objectness: 0.0010 (0.0019)  loss_rpn_box_reg: 0.0070 (0.0089)  time: 0.3531  data: 0.0072  max mem:10274
Epoch: [44]  [180/184]  eta: 0:00:01  lr: 0.000050  loss: 0.1369 (0.1401)  loss_box_reg: 0.0888 (0.0919)  loss_classifier:0.0365 (0.0375)  loss_objectness: 0.0013 (0.0019)  loss_rpn_box_reg: 0.0073 (0.0088)  time: 0.3543  data: 0.0075  max mem:10274
Epoch: [44]  [183/184]  eta: 0:00:00  lr: 0.000050  loss: 0.1405 (0.1401)  loss_box_reg: 0.0906 (0.0919)  loss_classifier:0.0365 (0.0375)  loss_objectness: 0.0014 (0.0019)  loss_rpn_box_reg: 0.0073 (0.0089)  time: 0.3613  data: 0.0072  max mem:10274
Epoch: [44] Total time: 0:01:04 (0.3509 s / it)
Test:  [  0/211]  eta: 0:00:54  model_time: 0.0493 (0.0493)  evaluator_time: 0.0039 (0.0039)  time: 0.2568  data: 0.2011  max mem: 10274
Test:  [100/211]  eta: 0:00:04  model_time: 0.0304 (0.0315)  evaluator_time: 0.0015 (0.0017)  time: 0.0355  data: 0.0023  max mem: 10274
Test:  [200/211]  eta: 0:00:00  model_time: 0.0316 (0.0316)  evaluator_time: 0.0017 (0.0017)  time: 0.0372  data: 0.0026  max mem: 10274
Test:  [210/211]  eta: 0:00:00  model_time: 0.0306 (0.0316)  evaluator_time: 0.0016 (0.0017)  time: 0.0359  data: 0.0025  max mem: 10274
Test: Total time: 0:00:07 (0.0376 s / it)
Averaged stats: model_time: 0.0306 (0.0332)  evaluator_time: 0.0016 (0.0017)
Accumulating evaluation results...
DONE (t=0.14s).
IoU metric: bbox
 Average Precision  (AP) @[ IoU=0.50:0.95 | area=   all | maxDets=100 ] = 0.547
 Average Precision  (AP) @[ IoU=0.50      | area=   all | maxDets=100 ] = 0.910
 Average Precision  (AP) @[ IoU=0.75      | area=   all | maxDets=100 ] = 0.595
 Average Precision  (AP) @[ IoU=0.50:0.95 | area= small | maxDets=100 ] = 0.501
 Average Precision  (AP) @[ IoU=0.50:0.95 | area=medium | maxDets=100 ] = 0.706
 Average Precision  (AP) @[ IoU=0.50:0.95 | area= large | maxDets=100 ] = 0.669
 Average Recall     (AR) @[ IoU=0.50:0.95 | area=   all | maxDets=  1 ] = 0.455
 Average Recall     (AR) @[ IoU=0.50:0.95 | area=   all | maxDets= 10 ] = 0.617
 Average Recall     (AR) @[ IoU=0.50:0.95 | area=   all | maxDets=100 ] = 0.617
 Average Recall     (AR) @[ IoU=0.50:0.95 | area= small | maxDets=100 ] = 0.574
 Average Recall     (AR) @[ IoU=0.50:0.95 | area=medium | maxDets=100 ] = 0.756
 Average Recall     (AR) @[ IoU=0.50:0.95 | area= large | maxDets=100 ] = 0.675
Epoch: [45]  [  0/184]  eta: 0:01:52  lr: 0.000050  loss: 0.1378 (0.1378)  loss_box_reg: 0.0887 (0.0887)  loss_classifier:0.0370 (0.0370)  loss_objectness: 0.0024 (0.0024)  loss_rpn_box_reg: 0.0098 (0.0098)  time: 0.6112  data: 0.2518  max mem:10274
Epoch: [45]  [ 20/184]  eta: 0:00:59  lr: 0.000050  loss: 0.1384 (0.1384)  loss_box_reg: 0.0910 (0.0895)  loss_classifier:0.0373 (0.0369)  loss_objectness: 0.0013 (0.0020)  loss_rpn_box_reg: 0.0081 (0.0099)  time: 0.3535  data: 0.0077  max mem:10274
Epoch: [45]  [ 40/184]  eta: 0:00:51  lr: 0.000050  loss: 0.1374 (0.1414)  loss_box_reg: 0.0893 (0.0931)  loss_classifier:0.0359 (0.0375)  loss_objectness: 0.0011 (0.0016)  loss_rpn_box_reg: 0.0070 (0.0093)  time: 0.3518  data: 0.0072  max mem:10274
Epoch: [45]  [ 60/184]  eta: 0:00:44  lr: 0.000050  loss: 0.1450 (0.1429)  loss_box_reg: 0.0932 (0.0934)  loss_classifier:0.0369 (0.0380)  loss_objectness: 0.0022 (0.0019)  loss_rpn_box_reg: 0.0097 (0.0096)  time: 0.3475  data: 0.0074  max mem:10274
Epoch: [45]  [ 80/184]  eta: 0:00:36  lr: 0.000050  loss: 0.1301 (0.1404)  loss_box_reg: 0.0855 (0.0919)  loss_classifier:0.0349 (0.0374)  loss_objectness: 0.0018 (0.0019)  loss_rpn_box_reg: 0.0070 (0.0092)  time: 0.3486  data: 0.0070  max mem:10274
Epoch: [45]  [100/184]  eta: 0:00:29  lr: 0.000050  loss: 0.1428 (0.1409)  loss_box_reg: 0.0880 (0.0923)  loss_classifier:0.0363 (0.0376)  loss_objectness: 0.0014 (0.0019)  loss_rpn_box_reg: 0.0078 (0.0091)  time: 0.3503  data: 0.0074  max mem:10274
Epoch: [45]  [120/184]  eta: 0:00:22  lr: 0.000050  loss: 0.1453 (0.1415)  loss_box_reg: 0.0944 (0.0930)  loss_classifier:0.0374 (0.0378)  loss_objectness: 0.0015 (0.0019)  loss_rpn_box_reg: 0.0070 (0.0088)  time: 0.3521  data: 0.0078  max mem:10274
Epoch: [45]  [140/184]  eta: 0:00:15  lr: 0.000050  loss: 0.1328 (0.1407)  loss_box_reg: 0.0877 (0.0927)  loss_classifier:0.0349 (0.0375)  loss_objectness: 0.0011 (0.0019)  loss_rpn_box_reg: 0.0071 (0.0087)  time: 0.3460  data: 0.0077  max mem:10274
Epoch: [45]  [160/184]  eta: 0:00:08  lr: 0.000050  loss: 0.1411 (0.1412)  loss_box_reg: 0.0927 (0.0930)  loss_classifier:0.0373 (0.0377)  loss_objectness: 0.0013 (0.0019)  loss_rpn_box_reg: 0.0066 (0.0086)  time: 0.3486  data: 0.0075  max mem:10274
Epoch: [45]  [180/184]  eta: 0:00:01  lr: 0.000050  loss: 0.1365 (0.1411)  loss_box_reg: 0.0878 (0.0927)  loss_classifier:0.0385 (0.0376)  loss_objectness: 0.0021 (0.0020)  loss_rpn_box_reg: 0.0079 (0.0088)  time: 0.3610  data: 0.0065  max mem:10274
Epoch: [45]  [183/184]  eta: 0:00:00  lr: 0.000050  loss: 0.1369 (0.1412)  loss_box_reg: 0.0930 (0.0927)  loss_classifier:0.0397 (0.0377)  loss_objectness: 0.0019 (0.0020)  loss_rpn_box_reg: 0.0076 (0.0088)  time: 0.3627  data: 0.0065  max mem:10274
Epoch: [45] Total time: 0:01:04 (0.3530 s / it)
Test:  [  0/211]  eta: 0:00:51  model_time: 0.0473 (0.0473)  evaluator_time: 0.0037 (0.0037)  time: 0.2460  data: 0.1928  max mem: 10274
Test:  [100/211]  eta: 0:00:04  model_time: 0.0308 (0.0318)  evaluator_time: 0.0016 (0.0018)  time: 0.0367  data: 0.0025  max mem: 10274
Test:  [200/211]  eta: 0:00:00  model_time: 0.0311 (0.0318)  evaluator_time: 0.0017 (0.0018)  time: 0.0374  data: 0.0027  max mem: 10274
Test:  [210/211]  eta: 0:00:00  model_time: 0.0308 (0.0318)  evaluator_time: 0.0017 (0.0018)  time: 0.0366  data: 0.0026  max mem: 10274
Test: Total time: 0:00:07 (0.0379 s / it)
Averaged stats: model_time: 0.0308 (0.0340)  evaluator_time: 0.0017 (0.0018)
Accumulating evaluation results...
DONE (t=0.09s).
IoU metric: bbox
 Average Precision  (AP) @[ IoU=0.50:0.95 | area=   all | maxDets=100 ] = 0.547
 Average Precision  (AP) @[ IoU=0.50      | area=   all | maxDets=100 ] = 0.907
 Average Precision  (AP) @[ IoU=0.75      | area=   all | maxDets=100 ] = 0.599
 Average Precision  (AP) @[ IoU=0.50:0.95 | area= small | maxDets=100 ] = 0.500
 Average Precision  (AP) @[ IoU=0.50:0.95 | area=medium | maxDets=100 ] = 0.709
 Average Precision  (AP) @[ IoU=0.50:0.95 | area= large | maxDets=100 ] = 0.679
 Average Recall     (AR) @[ IoU=0.50:0.95 | area=   all | maxDets=  1 ] = 0.454
 Average Recall     (AR) @[ IoU=0.50:0.95 | area=   all | maxDets= 10 ] = 0.616
 Average Recall     (AR) @[ IoU=0.50:0.95 | area=   all | maxDets=100 ] = 0.616
 Average Recall     (AR) @[ IoU=0.50:0.95 | area= small | maxDets=100 ] = 0.574
 Average Recall     (AR) @[ IoU=0.50:0.95 | area=medium | maxDets=100 ] = 0.756
 Average Recall     (AR) @[ IoU=0.50:0.95 | area= large | maxDets=100 ] = 0.767
Training time 0:58:25